[    0.000000] Initializing cgroup subsys cpuset
[    0.000000] Initializing cgroup subsys cpu
[    0.000000] Initializing cgroup subsys cpuacct
[    0.000000] Linux version 4.4.0-130-generic (buildd@lgw01-amd64-039) (gcc version 5.4.0 20160609 (Ubuntu 5.4.0-6ubuntu1~16.04.9) ) #156-Ubuntu SMP Thu Jun 14 08:53:28 UTC 2018 (Ubuntu 4.4.0-130.156-generic 4.4.134)
[    0.000000] Command line: BOOT_IMAGE=/boot/vmlinuz-4.4.0-130-generic root=UUID=2ee7d6fa-e656-40b5-89e5-042755616b92 ro console=tty1 console=ttyS0
[    0.000000] KERNEL supported cpus:
[    0.000000]   Intel GenuineIntel
[    0.000000]   AMD AuthenticAMD
[    0.000000]   Centaur CentaurHauls
[    0.000000] x86/fpu: xstate_offset[2]:  576, xstate_sizes[2]:  256
[    0.000000] x86/fpu: Supporting XSAVE feature 0x01: 'x87 floating point registers'
[    0.000000] x86/fpu: Supporting XSAVE feature 0x02: 'SSE registers'
[    0.000000] x86/fpu: Supporting XSAVE feature 0x04: 'AVX registers'
[    0.000000] x86/fpu: Enabled xstate features 0x7, context size is 832 bytes, using 'standard' format.
[    0.000000] x86/fpu: Using 'eager' FPU context switches.
[    0.000000] e820: BIOS-provided physical RAM map:
[    0.000000] BIOS-e820: [mem 0x0000000000000000-0x000000000009fbff] usable
[    0.000000] BIOS-e820: [mem 0x000000000009fc00-0x000000000009ffff] reserved
[    0.000000] BIOS-e820: [mem 0x00000000000f0000-0x00000000000fffff] reserved
[    0.000000] BIOS-e820: [mem 0x0000000000100000-0x000000003ffeffff] usable
[    0.000000] BIOS-e820: [mem 0x000000003fff0000-0x000000003fffffff] ACPI data
[    0.000000] BIOS-e820: [mem 0x00000000fec00000-0x00000000fec00fff] reserved
[    0.000000] BIOS-e820: [mem 0x00000000fee00000-0x00000000fee00fff] reserved
[    0.000000] BIOS-e820: [mem 0x00000000fffc0000-0x00000000ffffffff] reserved
[    0.000000] NX (Execute Disable) protection: active
[    0.000000] SMBIOS 2.5 present.
[    0.000000] Hypervisor detected: KVM
[    0.000000] e820: last_pfn = 0x3fff0 max_arch_pfn = 0x400000000
[    0.000000] MTRR: Disabled
[    0.000000] x86/PAT: MTRRs disabled, skipping PAT initialization too.
[    0.000000] CPU MTRRs all blank - virtualized system.
[    0.000000] x86/PAT: Configuration [0-7]: WB  WT  UC- UC  WB  WT  UC- UC  
[    0.000000] found SMP MP-table at [mem 0x0009fff0-0x0009ffff] mapped at [ffff88000009fff0]
[    0.000000] Scanning 1 areas for low memory corruption
[    0.000000] RAMDISK: [mem 0x361f2000-0x370f0fff]
[    0.000000] ACPI: Early table checksum verification disabled
[    0.000000] ACPI: RSDP 0x00000000000E0000 000024 (v02 VBOX  )
[    0.000000] ACPI: XSDT 0x000000003FFF0030 00003C (v01 VBOX   VBOXXSDT 00000001 ASL  00000061)
[    0.000000] ACPI: FACP 0x000000003FFF00F0 0000F4 (v04 VBOX   VBOXFACP 00000001 ASL  00000061)
[    0.000000] ACPI: DSDT 0x000000003FFF0470 0021FF (v02 VBOX   VBOXBIOS 00000002 INTL 20100528)
[    0.000000] ACPI: FACS 0x000000003FFF0200 000040
[    0.000000] ACPI: FACS 0x000000003FFF0200 000040
[    0.000000] ACPI: APIC 0x000000003FFF0240 00005C (v02 VBOX   VBOXAPIC 00000001 ASL  00000061)
[    0.000000] ACPI: SSDT 0x000000003FFF02A0 0001CC (v01 VBOX   VBOXCPUT 00000002 INTL 20100528)
[    0.000000] No NUMA configuration found
[    0.000000] Faking a node at [mem 0x0000000000000000-0x000000003ffeffff]
[    0.000000] NODE_DATA(0) allocated [mem 0x3ffeb000-0x3ffeffff]
[    0.000000] kvm-clock: Using msrs 4b564d01 and 4b564d00
[    0.000000] kvm-clock: cpu 0, msr 0:3ffe3001, primary cpu clock
[    0.000000] kvm-clock: using sched offset of 5888298462 cycles
[    0.000000] clocksource: kvm-clock: mask: 0xffffffffffffffff max_cycles: 0x1cd42e4dffb, max_idle_ns: 881590591483 ns
[    0.000000] Zone ranges:
[    0.000000]   DMA      [mem 0x0000000000001000-0x0000000000ffffff]
[    0.000000]   DMA32    [mem 0x0000000001000000-0x000000003ffeffff]
[    0.000000]   Normal   empty
[    0.000000]   Device   empty
[    0.000000] Movable zone start for each node
[    0.000000] Early memory node ranges
[    0.000000]   node   0: [mem 0x0000000000001000-0x000000000009efff]
[    0.000000]   node   0: [mem 0x0000000000100000-0x000000003ffeffff]
[    0.000000] Initmem setup node 0 [mem 0x0000000000001000-0x000000003ffeffff]
[    0.000000] ACPI: PM-Timer IO Port: 0x4008
[    0.000000] IOAPIC[0]: apic_id 2, version 32, address 0xfec00000, GSI 0-23
[    0.000000] ACPI: INT_SRC_OVR (bus 0 bus_irq 0 global_irq 2 dfl dfl)
[    0.000000] ACPI: INT_SRC_OVR (bus 0 bus_irq 9 global_irq 9 high level)
[    0.000000] Using ACPI (MADT) for SMP configuration information
[    0.000000] smpboot: Allowing 2 CPUs, 0 hotplug CPUs
[    0.000000] PM: Registered nosave memory: [mem 0x00000000-0x00000fff]
[    0.000000] PM: Registered nosave memory: [mem 0x0009f000-0x0009ffff]
[    0.000000] PM: Registered nosave memory: [mem 0x000a0000-0x000effff]
[    0.000000] PM: Registered nosave memory: [mem 0x000f0000-0x000fffff]
[    0.000000] e820: [mem 0x40000000-0xfebfffff] available for PCI devices
[    0.000000] Booting paravirtualized kernel on KVM
[    0.000000] clocksource: refined-jiffies: mask: 0xffffffff max_cycles: 0xffffffff, max_idle_ns: 7645519600211568 ns
[    0.000000] setup_percpu: NR_CPUS:512 nr_cpumask_bits:512 nr_cpu_ids:2 nr_node_ids:1
[    0.000000] PERCPU: Embedded 34 pages/cpu @ffff88003fc00000 s99544 r8192 d31528 u1048576
[    0.000000] PV qspinlock hash table entries: 256 (order: 0, 4096 bytes)
[    0.000000] Built 1 zonelists in Node order, mobility grouping on.  Total pages: 257912
[    0.000000] Policy zone: DMA32
[    0.000000] Kernel command line: BOOT_IMAGE=/boot/vmlinuz-4.4.0-130-generic root=UUID=2ee7d6fa-e656-40b5-89e5-042755616b92 ro console=tty1 console=ttyS0
[    0.000000] PID hash table entries: 4096 (order: 3, 32768 bytes)
[    0.000000] Memory: 997160K/1048120K available (8546K kernel code, 1313K rwdata, 4000K rodata, 1516K init, 1316K bss, 50960K reserved, 0K cma-reserved)
[    0.000000] SLUB: HWalign=64, Order=0-3, MinObjects=0, CPUs=2, Nodes=1
[    0.000000] Kernel/User page tables isolation: enabled
[    0.000000] Hierarchical RCU implementation.
[    0.000000] 	Build-time adjustment of leaf fanout to 64.
[    0.000000] 	RCU restricting CPUs from NR_CPUS=512 to nr_cpu_ids=2.
[    0.000000] RCU: Adjusting geometry for rcu_fanout_leaf=64, nr_cpu_ids=2
[    0.000000] NR_IRQS:33024 nr_irqs:440 16
[    0.000000] Console: colour VGA+ 80x25
[    0.000000] console [tty1] enabled
[    0.000000] console [ttyS0] enabled
[    0.000000] tsc: Detected 2294.688 MHz processor
[   10.512020] Calibrating delay loop (skipped) preset value.. 4589.37 BogoMIPS (lpj=9178752)
[   10.545394] pid_max: default: 32768 minimum: 301
[   10.627578] ACPI: Core revision 20150930
[   10.678349] ACPI: 2 ACPI AML tables successfully acquired and loaded
[   10.709286] Security Framework initialized
[   10.734536] Yama: becoming mindful.
[   10.744138] AppArmor: AppArmor initialized
[   10.780381] Dentry cache hash table entries: 131072 (order: 8, 1048576 bytes)
[   10.862490] Inode-cache hash table entries: 65536 (order: 7, 524288 bytes)
[   10.946566] Mount-cache hash table entries: 2048 (order: 2, 16384 bytes)
[   10.999400] Mountpoint-cache hash table entries: 2048 (order: 2, 16384 bytes)
[   11.070156] Initializing cgroup subsys io
[   11.098604] Initializing cgroup subsys memory
[   11.136911] Initializing cgroup subsys devices
[   11.199198] Initializing cgroup subsys freezer
[   11.237612] Initializing cgroup subsys net_cls
[   11.313272] Initializing cgroup subsys perf_event
[   11.401549] Initializing cgroup subsys net_prio
[   11.438491] Initializing cgroup subsys hugetlb
[   11.489385] Initializing cgroup subsys pids
[   11.574493] CPU: Physical Processor ID: 0
[   11.670935] CPU: Processor Core ID: 0
[   11.774618] mce: CPU supports 0 MCE banks
[   11.872104] Last level iTLB entries: 4KB 1024, 2MB 1024, 4MB 1024
[   12.000754] Last level dTLB entries: 4KB 1024, 2MB 1024, 4MB 1024, 1GB 4
[   12.126964] Spectre V2 : Mitigation: Full generic retpoline
[   12.215960] Spectre V2 : Speculation control IBPB not-supported IBRS not-supported
[   12.308890] Speculative Store Bypass: Vulnerable
[   12.376668] Freeing SMP alternatives memory: 32K
[   12.495423] ftrace: allocating 32245 entries in 126 pages
[   12.742843] smpboot: APIC(0) Converting physical 0 to logical package 0
[   12.885274] smpboot: Max logical packages: 1
[   12.935834] x2apic enabled
[   12.981098] Switched APIC routing to physical x2apic.
[   13.014062] ..TIMER: vector=0x30 apic1=0 pin1=2 apic2=-1 pin2=-1
[   13.184924] APIC calibration not consistent with PM-Timer: 107ms instead of 100ms
[   13.279763] APIC delta adjusted to PM-Timer: 6254847 (6746667)
[   13.375599] smpboot: CPU0: Intel(R) Core(TM) i5-4200U CPU @ 1.60GHz (family: 0x6, model: 0x45, stepping: 0x1)
[   13.453893] Performance Events: unsupported p6 CPU model 69 no PMU driver, software events only.
[   13.519983] KVM setup paravirtual spinlock
[   13.563479] x86: Booting SMP configuration:
[   13.592482] .... node  #0, CPUs:      #1
[   13.628525] kvm-clock: cpu 1, msr 0:3ffe3041, secondary cpu clock
[   13.681493] mce: CPU supports 0 MCE banks
[   13.708966] x86: Booted up 1 node, 2 CPUs
[   13.759224] smpboot: Total of 2 processors activated (9178.75 BogoMIPS)
[   13.825656] devtmpfs: initialized
[   13.863922] evm: security.selinux
[   13.881431] evm: security.SMACK64
[   13.903664] evm: security.SMACK64EXEC
[   13.925082] evm: security.SMACK64TRANSMUTE
[   13.952534] evm: security.SMACK64MMAP
[   13.985680] evm: security.ima
[   14.007625] evm: security.capability
[   14.090960] clocksource: jiffies: mask: 0xffffffff max_cycles: 0xffffffff, max_idle_ns: 7645041785100000 ns
[   14.345472] futex hash table entries: 512 (order: 3, 32768 bytes)
[   14.389313] pinctrl core: initialized pinctrl subsystem
[   14.427398] RTC time:  4:05:06, date: 07/09/18
[   14.478682] NET: Registered protocol family 16
[   14.541207] cpuidle: using governor ladder
[   14.685700] cpuidle: using governor menu
[   14.805887] PCCT header not found.
[   14.909536] ACPI: bus type PCI registered
[   14.987790] acpiphp: ACPI Hot Plug PCI Controller Driver version: 0.5
[   15.016831] PCI: Using configuration type 1 for base access
[   15.071533] ACPI: Added _OSI(Module Device)
[   15.137635] ACPI: Added _OSI(Processor Device)
[   15.200594] ACPI: Added _OSI(3.0 _SCP Extensions)
[   15.239476] ACPI: Added _OSI(Processor Aggregator Device)
[   15.294117] ACPI: Executed 1 blocks of module-level executable AML code
[   15.398739] ACPI: Interpreter enabled
[   15.485516] ACPI: (supports S0 S5)
[   15.568465] ACPI: Using IOAPIC for interrupt routing
[   15.729894] PCI: Using host bridge windows from ACPI; if necessary, use "pci=nocrs" and report a bug
[   15.944143] ACPI: PCI Root Bridge [PCI0] (domain 0000 [bus 00-ff])
[   16.068931] acpi PNP0A03:00: _OSC: OS supports [ASPM ClockPM Segments MSI]
[   16.196193] acpi PNP0A03:00: _OSC: not requesting OS control; OS requires [ExtendedConfig ASPM ClockPM MSI]
[   16.399581] acpi PNP0A03:00: fail to add MMCONFIG information, can't access extended PCI configuration space under this bridge.
[   16.507958] PCI host bridge to bus 0000:00
[   16.550306] pci_bus 0000:00: root bus resource [io  0x0000-0x0cf7 window]
[   16.644141] pci_bus 0000:00: root bus resource [io  0x0d00-0xffff window]
[   16.738815] pci_bus 0000:00: root bus resource [mem 0x000a0000-0x000bffff window]
[   16.919752] pci_bus 0000:00: root bus resource [mem 0x40000000-0xffdfffff window]
[   17.041752] pci_bus 0000:00: root bus resource [bus 00-ff]
[   17.151084] pci 0000:00:01.1: legacy IDE quirk: reg 0x10: [io  0x01f0-0x01f7]
[   17.212287] pci 0000:00:01.1: legacy IDE quirk: reg 0x14: [io  0x03f6]
[   17.310327] pci 0000:00:01.1: legacy IDE quirk: reg 0x18: [io  0x0170-0x0177]
[   17.437842] pci 0000:00:01.1: legacy IDE quirk: reg 0x1c: [io  0x0376]
[   17.589895] pci 0000:00:07.0: quirk: [io  0x4000-0x403f] claimed by PIIX4 ACPI
[   17.643106] pci 0000:00:07.0: quirk: [io  0x4100-0x410f] claimed by PIIX4 SMB
[   17.738805] ACPI: PCI Interrupt Link [LNKA] (IRQs 5 9 10 *11)
[   17.803834] ACPI: PCI Interrupt Link [LNKB] (IRQs 5 9 10 *11)
[   17.849331] ACPI: PCI Interrupt Link [LNKC] (IRQs 5 9 *10 11)
[   17.934509] ACPI: PCI Interrupt Link [LNKD] (IRQs 5 *9 10 11)
[   18.018386] ACPI: Enabled 2 GPEs in block 00 to 07
[   18.136530] vgaarb: setting as boot device: PCI:0000:00:02.0
[   18.280845] vgaarb: device added: PCI:0000:00:02.0,decodes=io+mem,owns=io+mem,locks=none
[   18.459580] vgaarb: loaded
[   18.518907] vgaarb: bridge control possible 0000:00:02.0
[   18.614997] SCSI subsystem initialized
[   18.679767] ACPI: bus type USB registered
[   18.739821] usbcore: registered new interface driver usbfs
[   18.857075] usbcore: registered new interface driver hub
[   18.990497] usbcore: registered new device driver usb
[   19.087937] PCI: Using ACPI for IRQ routing
[   19.143004] NetLabel: Initializing
[   19.195212] NetLabel:  domain hash size = 128
[   19.226216] NetLabel:  protocols = UNLABELED CIPSOv4
[   19.270717] NetLabel:  unlabeled traffic allowed by default
[   19.321105] amd_nb: Cannot enumerate AMD northbridges
[   19.367993] clocksource: Switched to clocksource kvm-clock
[   19.561461] AppArmor: AppArmor Filesystem Enabled
[   19.687909] pnp: PnP ACPI init
[   19.786008] pnp: PnP ACPI: found 3 devices
[   19.926510] clocksource: acpi_pm: mask: 0xffffff max_cycles: 0xffffff, max_idle_ns: 2085701024 ns
[   20.058028] NET: Registered protocol family 2
[   20.131140] TCP established hash table entries: 8192 (order: 4, 65536 bytes)
[   20.173885] TCP bind hash table entries: 8192 (order: 5, 131072 bytes)
[   20.257911] TCP: Hash tables configured (established 8192 bind 8192)
[   20.321860] UDP hash table entries: 512 (order: 2, 16384 bytes)
[   20.421990] UDP-Lite hash table entries: 512 (order: 2, 16384 bytes)
[   20.478862] NET: Registered protocol family 1
[   20.528110] pci 0000:00:00.0: Limiting direct PCI/PCI transfers
[   20.601372] pci 0000:00:01.0: Activating ISA DMA hang workarounds
[   20.685694] Unpacking initramfs...
[   22.374343] Freeing initrd memory: 15356K
[   22.422469] RAPL PMU detected, API unit is 2^-32 Joules, 4 fixed counters 10737418240 ms ovfl timer
[   22.617886] hw unit of domain pp0-core 2^-0 Joules
[   22.706482] hw unit of domain package 2^-0 Joules
[   22.780716] hw unit of domain dram 2^-0 Joules
[   22.851789] hw unit of domain pp1-gpu 2^-0 Joules
[   22.914493] platform rtc_cmos: registered platform RTC device (no PNP device found)
[   23.052537] Scanning for low memory corruption every 60 seconds
[   23.121834] audit: initializing netlink subsys (disabled)
[   23.178248] audit: type=2000 audit(1531109104.801:1): initialized
[   23.235838] Initialise system trusted keyring
[   23.271195] HugeTLB registered 2 MB page size, pre-allocated 0 pages
[   23.352828] zbud: loaded
[   23.374407] VFS: Disk quotas dquot_6.6.0
[   23.490660] VFS: Dquot-cache hash table entries: 512 (order 0, 4096 bytes)
[   23.576744] squashfs: version 4.0 (2009/01/31) Phillip Lougher
[   23.659800] fuse init (API version 7.23)
[   23.704904] Key type big_key registered
[   23.780453] Allocating IMA MOK and blacklist keyrings.
[   23.939738] tsc: Refined TSC clocksource calibration: 2292.931 MHz
[   24.013797] clocksource: tsc: mask: 0xffffffffffffffff max_cycles: 0x210d1f59c68, max_idle_ns: 440795238715 ns
[   24.015129] Key type asymmetric registered
[   24.015141] Asymmetric key parser 'x509' registered
[   24.015401] Block layer SCSI generic (bsg) driver version 0.4 loaded (major 249)
[   24.015515] io scheduler noop registered
[   24.015522] io scheduler deadline registered (default)
[   24.015659] io scheduler cfq registered
[   24.016168] pci_hotplug: PCI Hot Plug PCI Core version: 0.5
[   24.016192] pciehp: PCI Express Hot Plug Controller Driver version: 0.4
[   24.016778] ACPI: AC Adapter [AC] (on-line)
[   24.017011] input: Power Button as /devices/LNXSYSTM:00/LNXPWRBN:00/input/input0
[   24.017021] ACPI: Power Button [PWRF]
[   24.017547] input: Sleep Button as /devices/LNXSYSTM:00/LNXSLPBN:00/input/input1
[   24.017557] ACPI: Sleep Button [SLPF]
[   24.021616] ACPI: Battery Slot [BAT0] (battery present)
[   24.021768] GHES: HEST is not enabled!
[   24.088365] Serial: 8250/16550 driver, 32 ports, IRQ sharing enabled
[   24.151693] 00:02: ttyS0 at I/O 0x3f8 (irq = 4, base_baud = 115200) is a 16550A
[   24.286923] Linux agpgart interface v0.103
[   24.440457] loop: module loaded
[   24.443054] scsi host0: ata_piix
[   24.443316] scsi host1: ata_piix
[   24.443468] ata1: PATA max UDMA/33 cmd 0x1f0 ctl 0x3f6 bmdma 0xd000 irq 14
[   24.443472] ata2: PATA max UDMA/33 cmd 0x170 ctl 0x376 bmdma 0xd008 irq 15
[   24.443781] libphy: Fixed MDIO Bus: probed
[   24.443787] tun: Universal TUN/TAP device driver, 1.6
[   24.443789] tun: (C) 1999-2004 Max Krasnyansky <maxk@qualcomm.com>
[   24.445750] PPP generic driver version 2.4.2
[   24.446010] ehci_hcd: USB 2.0 'Enhanced' Host Controller (EHCI) Driver
[   24.446031] ehci-pci: EHCI PCI platform driver
[   24.446064] ehci-platform: EHCI generic platform driver
[   24.446092] ohci_hcd: USB 1.1 'Open' Host Controller (OHCI) Driver
[   24.446100] ohci-pci: OHCI PCI platform driver
[   24.446130] ohci-platform: OHCI generic platform driver
[   24.446156] uhci_hcd: USB Universal Host Controller Interface driver
[   24.446347] i8042: PNP: PS/2 Controller [PNP0303:PS2K,PNP0f03:PS2M] at 0x60,0x64 irq 1,12
[   24.447804] serio: i8042 KBD port at 0x60,0x64 irq 1
[   24.447820] serio: i8042 AUX port at 0x60,0x64 irq 12
[   24.449654] mousedev: PS/2 mouse device common for all mice
[   24.451493] input: AT Translated Set 2 keyboard as /devices/platform/i8042/serio0/input/input2
[   24.455785] rtc_cmos rtc_cmos: rtc core: registered rtc_cmos as rtc0
[   24.456044] rtc_cmos rtc_cmos: alarms up to one day, 114 bytes nvram
[   24.456077] i2c /dev entries driver
[   24.456476] device-mapper: uevent: version 1.0.3
[   24.456810] device-mapper: ioctl: 4.34.0-ioctl (2015-10-28) initialised: dm-devel@redhat.com
[   24.456877] ledtrig-cpu: registered to indicate activity on CPUs
[   24.458147] NET: Registered protocol family 10
[   24.458781] NET: Registered protocol family 17
[   24.458817] Key type dns_resolver registered
[   24.459891] registered taskstats version 1
[   24.459966] Loading compiled-in X.509 certificates
[   24.463682] Loaded X.509 cert 'Build time autogenerated kernel key: b3e0fe4bcd6378c38a2c0a4648abbc1fa5043a22'
[   24.463775] zswap: loaded using pool lzo/zbud
[   24.471558] Key type trusted registered
[   24.485148] Key type encrypted registered
[   24.485171] AppArmor: AppArmor sha1 policy hashing enabled
[   24.485184] ima: No TPM chip found, activating TPM-bypass!
[   24.485208] ima: Allocated hash algorithm: sha1
[   24.485256] evm: HMAC attrs: 0x1
[   24.486236]   Magic number: 10:615:59
[   24.503230] rtc_cmos rtc_cmos: setting system clock to 2018-07-09 04:05:16 UTC (1531109116)
[   24.503687] BIOS EDD facility v0.16 2004-Jun-25, 0 devices found
[   24.503689] EDD information not available.
[   28.775019] Freeing unused kernel memory: 1516K
[   28.908802] Write protecting the kernel read-only data: 14336k
[   29.071863] Freeing unused kernel memory: 1680K
[   29.216805] Freeing unused kernel memory: 96K
Loading, please wait...
starting version[   29.424279] random: systemd-udevd: uninitialized urandom read (16 bytes read, 4 bits of entropy available)
 229
[   29.425848] random: udevadm: uninitialized urandom read (16 bytes read, 4 bits of entropy available)
[   29.425916] random: udevadm: uninitialized urandom read (16 bytes read, 4 bits of entropy available)
[   29.463559] random: udevadm: uninitialized urandom read (16 bytes read, 4 bits of entropy available)
[   29.463724] random: udevadm: uninitialized urandom read (16 bytes read, 4 bits of entropy available)
[   29.464489] random: udevadm: uninitialized urandom read (16 bytes read, 4 bits of entropy available)
[   29.464712] random: udevadm: uninitialized urandom read (16 bytes read, 4 bits of entropy available)
[   29.464927] random: udevadm: uninitialized urandom read (16 bytes read, 4 bits of entropy available)
[   29.465239] random: udevadm: uninitialized urandom read (16 bytes read, 4 bits of entropy available)
[   29.465484] random: udevadm: uninitialized urandom read (16 bytes read, 4 bits of entropy available)
[   31.621951] e1000: Intel(R) PRO/1000 Network Driver - version 7.3.21-k8-NAPI
[   31.789734] e1000: Copyright (c) 1999-2006 Intel Corporation.
[   31.911358] Fusion MPT base driver 3.04.20
[   31.965465] Copyright (c) 1999-2008 LSI Corporation
[   32.074135] Fusion MPT SPI Host driver 3.04.20
[   32.209401] AVX version of gcm_enc/dec engaged.
[   32.260776] AES CTR mode by8 optimization enabled
[   32.359255] input: ImExPS/2 Generic Explorer Mouse as /devices/platform/i8042/serio1/input/input4
[   32.834222] e1000 0000:00:03.0 eth0: (PCI:33MHz:32-bit) 02:b0:72:86:cc:22
[   32.986854] e1000 0000:00:03.0 eth0: Intel(R) PRO/1000 Network Connection
[   33.130523] e1000 0000:00:03.0 enp0s3: renamed from eth0
[   33.240600] mptbase: ioc0: Initiating bringup
[   33.364551] ioc0: LSI53C1030 A0: Capabilities={Initiator}
[   33.680654] scsi host2: ioc0: LSI53C1030 A0, FwRev=00000000h, Ports=1, MaxQ=256, IRQ=20
[   33.949612] scsi 2:0:0:0: Direct-Access     VBOX     HARDDISK         1.0  PQ: 0 ANSI: 5
[   34.198755] scsi target2:0:0: Beginning Domain Validation
[   34.248738] scsi target2:0:0: Domain Validation skipping write tests
[   34.285897] scsi target2:0:0: Ending Domain Validation
[   34.336269] scsi target2:0:0: asynchronous
[   34.414100] scsi 2:0:1:0: Direct-Access     VBOX     HARDDISK         1.0  PQ: 0 ANSI: 5
[   34.556811] scsi target2:0:1: Beginning Domain Validation
[   34.722383] scsi target2:0:1: Domain Validation skipping write tests
[   34.892314] scsi target2:0:1: Ending Domain Validation
[   34.980385] scsi target2:0:1: asynchronous
[   35.068389] sd 2:0:0:0: [sda] 20971520 512-byte logical blocks: (10.7 GB/10.0 GiB)
[   35.153923] sd 2:0:0:0: Attached scsi generic sg0 type 0
[   35.154620] sd 2:0:0:0: [sda] Write Protect is off
[   35.155066] sd 2:0:0:0: [sda] Incomplete mode parameter data
[   35.155073] sd 2:0:0:0: [sda] Assuming drive cache: write through
[   35.160373]  sda: sda1
[   35.162610] sd 2:0:0:0: [sda] Attached SCSI disk
[   35.490224] sd 2:0:1:0: [sdb] 20480 512-byte logical blocks: (10.5 MB/10.0 MiB)
[   35.642785] sd 2:0:1:0: Attached scsi generic sg1 type 0
[   35.768993] sd 2:0:1:0: [sdb] Write Protect is off
[   35.879029] sd 2:0:1:0: [sdb] Incomplete mode parameter data
[   36.014086] sd 2:0:1:0: [sdb] Assuming drive cache: write through
[   36.139247] sd 2:0:1:0: [sdb] Attached SCSI disk
Begin: Loading e[   38.529625] md: linear personality registered for level -1
ssential drivers[   38.643816] md: multipath personality registered for level -4
 ... [   38.791497] md: raid0 personality registered for level 0
[   38.859628] md: raid1 personality registered for level 1
[   38.992155] raid6: sse2x1   gen()  1725 MB/s
[   39.106141] raid6: sse2x1   xor()  1299 MB/s
[   39.200368] raid6: sse2x2   gen()  1734 MB/s
[   39.304377] raid6: sse2x2   xor()  1420 MB/s
[   39.442104] raid6: sse2x4   gen()  2742 MB/s
[   39.552202] raid6: sse2x4   xor()  1361 MB/s
[   39.599154] raid6: using algorithm sse2x4 gen() 2742 MB/s
[   39.620205] raid6: .... xor() 1361 MB/s, rmw enabled
[   39.681583] raid6: using ssse3x2 recovery algorithm
[   39.734451] xor: automatically using best checksumming function:
[   39.848557]    avx       :  5414.000 MB/sec
[   39.898947] async_tx: api initialized (async)
[   39.957650] md: raid6 personality registered for level 6
[   40.020910] md: raid5 personality registered for level 5
[   40.075740] md: raid4 personality registered for level 4
[   40.168008] md: raid10 personality registered for level 10
done.
Begin: Running /scripts/init-premount ... done.
Begin: Mounting root file system ... Begin: Running /scripts/local-top ... done.
Begin: Running /scripts/local[   40.392460] Btrfs loaded
-premount ... Scanning for Btrfs filesystems
done.
Warning: fsck no[   40.535706] EXT4-fs (sda1): INFO: recovery required on readonly filesystem
t present, so sk[   40.619960] EXT4-fs (sda1): write access will be enabled during recovery
ipping root file system
[   40.825827] EXT4-fs (sda1): recovery complete
[   40.965117] EXT4-fs (sda1): mounted filesystem with ordered data mode. Opts: (null)
done.
Begin: Running /scripts/local-bottom ... done.
Begin: Running /scripts/init-bottom ... done.
[   41.498932] systemd[1]: systemd 229 running in system mode. (+PAM +AUDIT +SELINUX +IMA +APPARMOR +SMACK +SYSVINIT +UTMP +LIBCRYPTSETUP +GCRYPT +GNUTLS +ACL +XZ -LZ4 +SECCOMP +BLKID +ELFUTILS +KMOD -IDN)
[   41.766148] systemd[1]: Detected virtualization oracle.
[   41.844738] systemd[1]: Detected architecture x86-64.

Welcome to [1mUbuntu 16.04.4 LTS[0m!

[   41.926446] systemd[1]: Set hostname to <ubuntu-xenial>.
[   42.217502] random: nonblocking pool is initialized
[   42.667989] systemd[1]: Reached target User and Group Name Lookups.
[[0;32m  OK  [0m] Reached target User and Group Name Lookups.
[   42.981492] systemd[1]: Listening on Device-mapper event daemon FIFOs.
[[0;32m  OK  [0m] Listening on Device-mapper event daemon FIFOs.
[   43.221780] systemd[1]: Listening on udev Control Socket.
[[0;32m  OK  [0m] Listening on udev Control Socket.
[   43.438518] systemd[1]: Created slice System Slice.
[[0;32m  OK  [0m] Created slice System Slice.
[   43.673895] systemd[1]: Listening on Journal Socket (/dev/log).
[[0;32m  OK  [0m] Listening on Journal Socket (/dev/log).
[   43.949066] systemd[1]: Listening on Journal Socket.
[[0;32m  OK  [0m] Listening on Journal Socket.
[   44.196805] systemd[1]: Starting Set console keymap...
         Starting Set console keymap...
[   44.348627] systemd[1]: Starting Nameserver information manager...
         Starting Nameserver information manager...
[   44.532833] systemd[1]: Listening on /dev/initctl Compatibility Named Pipe.
[[0;32m  OK  [0m] Listening on /dev/initctl Compatibility Named Pipe.
[   44.782492] systemd[1]: Created slice User and Session Slice.
[[0;32m  OK  [0m] Created slice User and Session Slice.
[   45.024883] systemd[1]: Reached target Slices.
[[0;32m  OK  [0m] Reached target Slices.
[   45.166542] systemd[1]: Created slice system-serial\x2dgetty.slice.
[[0;32m  OK  [0m] Created slice system-serial\x2dgetty.slice.
[   45.449499] systemd[1]: Starting Uncomplicated firewall...
         Starting Uncomplicated firewall...
[   45.637087] systemd[1]: Listening on udev Kernel Socket.
[[0;32m  OK  [0m] Listening on udev Kernel Socket.
[   45.805889] systemd[1]: Set up automount Arbitrary Executable File Formats File System Automount Point.
[[0;32m  OK  [0m] Set up automount Arbitrary Executab...ats File System Automount Point.
[   46.008633] systemd[1]: Mounting Debug File System...
         Mounting Debug File System...
[   46.084625] systemd[1]: Reached target System Time Synchronized.
[[0;32m  OK  [0m] Reached target System Time Synchronized.
[   46.289295] systemd[1]: Reached target Encrypted Volumes.
[[0;32m  OK  [0m] Reached target Encrypted Volumes.
[   46.460940] systemd[1]: Starting Remount Root and Kernel File Systems...
         Starting Remount[   46.589978] EXT4-fs (sda1): re-mounted. Opts: (null)
 Root and Kernel File Systems...
[   46.697269] systemd[1]: Listening on LVM2 poll daemon socket.
[[0;32m  OK  [0m] Listening on LVM2 poll daemon socket.
[   46.861650] systemd[1]: Listening on Syslog Socket.
[[0;32m  OK  [0m] Listening on Syslog Socket.
[   47.048853] systemd[1]: Started Forward Password Requests to Wall Directory Watch.
[[0;32m  OK  [0m] Started Forward Password Requests to Wall Directory Watch.
[   47.302058] systemd[1]: Listening on Journal Audit Socket.
[[0;32m  OK  [0m] Listening on Journal Audit Socket.
[   47.512325] systemd[1]: Mounting Huge Pages File System...
         Mounting Huge Pages File System...
[   47.733107] systemd[1]: Starting Create list of required static device nodes for the current kernel...
         Starting Create list of required st... nodes for the current kernel...
[   48.116881] systemd[1]: Starting Journal Service...
         Starting Journal Service...
[   48.296841] systemd[1]: Reached target Swap.
[[0;32m  OK  [0m] Reached target Swap.
[   48.425388] systemd[1]: Listening on LVM2 metadata daemon socket.
[[0;32m  OK  [0m] Listening on LVM2 metadata daemon socket.
[   48.629342] systemd[1]: Starting Monitoring of LVM2 mirrors, snapshots etc. using dmeventd or progress polling...
         Starting Monitoring of LVM2 mirrors... dmeventd or progress polling...
[   48.940610] systemd[1]: Mounting POSIX Message Queue File System...
         Mounting POSIX Message Queue File System...
[   49.213442] systemd[1]: Started Trigger resolvconf update for networkd DNS.
[[0;32m  OK  [0m] Started Trigger resolvconf update for networkd DNS.
[   49.532540] systemd[1]: Starting Load Kernel Modules...
         Starting Load Ke[   49.632653] Loading iSCSI transport class v2.0-870.
rnel Modules...
[   49.733094] iscsi: registered transport (tcp)
[   49.786923] systemd[1]: Mounted Debug File System.
[[0;32m  OK  [0m] Mounted Debug File System.
[   49.909475] systemd[1]: Mounted POSIX Message Queue File System.
[[0;32m  OK  [[   49.995942] iscsi: registered transport (iser)
0m] Mounted POSIX Message Queue File System.
[   50.057529] systemd[1]: Mounted Huge Pages File System.
[[0;32m  OK  [0m] Mounted Huge Pages File System.
[   50.185519] systemd[1]: Started Journal Service.
[[0;32m  OK  [0m] Started Journal Service.
[[0;32m  OK  [0m] Started Set console keymap.
[[0;32m  OK  [0m] Started Uncomplicated firewall.
[[0;32m  OK  [0m] Started Remount Root and Kernel File Systems.
[[0;32m  OK  [0m] Started Create list of required sta...ce nodes for the current kernel.
[[0;32m  OK  [0m] Started Load Kernel Modules.
[[0;32m  OK  [0m] Started Nameserver information manager.
[[0;32m  OK  [0m] Started LVM2 metadata daemon.
         Starting Apply Kernel Variables...
         Mounting FUSE Control File System...
         Starting Create Static Device Nodes in /dev...
         Starting Load/Save Random Seed...
         Starting udev Coldplug all Devices...
         Starting Flush Journal to Persistent Storage...
[[0;32m  OK  [0m] Mounted FUSE Control File System.
[[0;32m  OK  [0m] Started Monitoring of LVM2 mirrors,...ng dmeventd or progress polling.
[[0;32m  OK  [0m] Started Apply Kernel Variables.
[[0;32m  OK  [0m] Started Create Static Device Nodes in /dev.
[[0;32m  OK  [0m] Started Load/Save Random Seed.
[[0;32m  OK  [0m] Started Flush Journal to Persistent Storage.
[[0;32m  OK  [0m] Started udev Coldplug all Devices.
         Starting udev Kernel Device Manager...
[[0;32m  OK  [0m] Started udev Kernel Device Manager.
[[0;32m  OK  [0m] Reached target Local File Systems (Pre).
[[0;32m  OK  [0m] Reached target Local File Systems.
         Starting Create Volatile Files and Directories...
         Starting LSB: AppArmor initialization...
         Starting Tell Plymouth To Write Out Runtime Data...
         Starting Set console font and keymap...
         Starting Initial cloud-init job (pre-networking)...
[[0;32m  OK  [0m] Started Dispatch Password Requests to Console Directory Watch.
[[0;32m  OK  [0m] Started Create Volatile Files and Directories.
[[0;32m  OK  [0m] Started Tell Plymouth To Write Out Runtime Data.
[[0;32m  OK  [0m] Found device /dev/ttyS0.
         Starting Update UTMP about System Boot/Shutdown...
[[0;32m  OK  [0m] Started Update UTMP about System Boot/Shutdown.
[[0;32m  OK  [0m] Started LSB: AppArmor initialization.
[[0;32m  OK  [0m] Found device 82540EM Gigabit Ethern...r (PRO/1000 MT Desktop Adapter).
[[0;32m  OK  [0m] Listening on Load/Save RF Kill Switch Status /dev/rfkill Watch.
[[0;32m  OK  [0m] Started Set console font and keymap.
[   39.060276] cloud-init[499]: Cloud-init v. 18.2 running 'init-local' at Mon, 09 Jul 2018 04:05:48 +0000. Up 38.64 seconds.
[[0;32m  OK  [0m] Created slice system-getty.slice.
[[0;32m  OK  [0m] Started Initial cloud-init job (pre-networking).
[[0;32m  OK  [0m] Reached target Network (Pre).
[[0;32m  OK  [0m] Started ifup for enp0s3.
         Starting Raise network interfaces...
[[0;32m  OK  [0m] Started Raise network interfaces.
[[0;32m  OK  [0m] Reached target Network.
         Starting Initial cloud-init job (metadata service crawler)...
[   42.986649] cloud-init[990]: Cloud-init v. 18.2 running 'init' at Mon, 09 Jul 2018 04:05:51 +0000. Up 41.45 seconds.
[   43.128722] [cloud-init[0;32m  OK  [0m[990]: ] ci-info: +++++++++++++++++++++++++++++++++++++Net device info++++++++++++++++++++++++++++++++++++++Started Initial cloud-init job (metadata service crawler).

[   43.129936] cloud-init[990]: ci-info: +--------+------+----------------------------+---------------+-------+-------------------+
[   43.540970] [cloud-init[0;32m  OK  [0m[990]: ] ci-info: | Device |  Up  |          Address           |      Mask     | Scope |     Hw-Address    |Reached target Cloud-config availability.

[   43.542470] [cloud-init[0;32m  OK  [0m[990]: ] ci-info: +--------+------+----------------------------+---------------+-------+-------------------+Reached target Network is Online.

[   43.763807] cloud-init[990]: ci-info: | enp0s3 | True |         10.0.2.15          | 255.255.255.0 |   .   | 02:b0:72:86:cc:22 |
[   44.145955] cloud-init[990]: ci-info: | enp0s3 | True | fe80::b0:72ff:fe86:cc22/64 |       .       |  link | 02:b0:72:86:cc:22 |
         Starting iSCSI initiator daemon (iscsid)...
[   44.148595] cloud-init[990]: ci-info: |   lo   | True |         127.0.0.1          |   255.0.0.0   |   .   |         .         |
[[0;32m  OK  [0m] Reached target System Initialization.
[   44.369720] cloud-init[990]: ci-info: |   lo   | True |          ::1/128           |       .       |  host |         .         |
[[0;32m  OK  [0m] Listening on ACPID Listen Socket.
[   44.567909]          Starting LXD - unix socket.
cloud-init[990]: ci-info: +--------+------+----------------------------+---------------+-------+-------------------+
[   44.929973] cloud-init[990]: ci-info: +++++++++++++++++++++++++++Route IPv4 info++++++++++++++++++++++++++++
[[0;32m  OK  [0m] Started ACPI Events Check.
[[0;32m  OK  [0m] Reached target Paths.
         Starting Socket activation for snappy daemon.
[   45.046377] cloud-init[990]: ci-info: +-------+-------------+----------+---------------+-----------+-------+
[   45.328565] cloud-init[990]: ci-info: | Route | Destination | Gateway  |    Genmask    | Interface | Flags |
[   45.406817] cloud-init[990]: ci-info: +-------+-------------+----------+---------------+-----------+-------+
[   45.535705] cloud-init[990]: ci-info: |   0   |   0.0.0.0   | 10.0.2.2 |    0.0.0.0    |   enp0s3  |   UG  |
[   45.653808] cloud-init[990]: ci-info: |   1   |   10.0.2.0  | 0.0.0.0  | 255.255.255.0 |   enp0s3  |   U   |
[   45.764567] cloud-init[990]: ci-info: +-------+-------------+----------+---------------+-----------+-------+
[[0;32m  OK  [0m] Started Daily apt download activities.
[[0;32m  OK  [0m] Started Daily apt upgrade and clean activities.
[[0;32m  OK  [0m] Started Daily Cleanup of Temporary Directories.
[[0;32m  OK  [0m] Reached target Timers.
[[0;32m  OK  [0m] Listening on D-Bus System Message Bus Socket.
[[0;32m  OK  [0m] Listening on UUID daemon activation socket.
[[0;32m  OK  [0m] Listening on LXD - unix socket.
[[0;32m  OK  [0m] Listening on Socket activation for snappy daemon.
[[0;32m  OK  [0m] Started iSCSI initiator daemon (iscsid).
         Starting Login to default iSCSI targets...
[[0;32m  OK  [0m] Reached target Sockets.
[[0;32m  OK  [0m] Reached target Basic System.
         Starting Accounts Service...
         Starting Virtualbox guest utils...
[[0;32m  OK  [0m] Started Deferred execution scheduler.
         Starting Login Service...
         Starting System Logging Service...
[[0;32m  OK  [0m] Started Regular background program processing daemon.
         Starting LSB: MD monitoring daemon...
[[0;32m  OK  [0m] Started Unattended Upgrades Shutdown.
         Starting LSB: Record successful boot for GRUB...
[[0;32m  OK  [0m] Started D-Bus System Message Bus.
         Starting OpenBSD Secure Shell server...
[[0;32m  OK  [0m] Started ACPI event daemon.
         Starting /etc/rc.local Compatibility...
         Starting Snappy daemon...
[[0;32m  OK  [0m] Started FUSE filesystem for LXC.
         Starting Apply the settings specified in cloud-config...
         Starting LXD - container startup/shutdown...
[[0;32m  OK  [0m] Started System Logging Service.
[[0;32m  OK  [0m] Started OpenBSD Secure Shell server.
[[0;32m  OK  [0m] Started /etc/rc.local Compatibility.
[[0;32m  OK  [0m] Started Snappy daemon.
[[0;32m  OK  [0m] Started LXD - container startup/shutdown.
[[0;32m  OK  [0m] Started Login to default iSCSI targets.
[[0;32m  OK  [0m] Started LSB: MD monitoring daemon.
[[0;32m  OK  [0m] Started Virtualbox guest utils.
[[0;32m  OK  [0m] Started LSB: Record successful boot for GRUB.
[[0;32m  OK  [0m] Started Login Service.
[   49.036980] cloud-init[1104]: Cloud-init v. 18.2 running 'modules:config' at Mon, 09 Jul 2018 04:05:59 +0000. Up 48.78 seconds.
         Starting Authenticate and Authorize Users to Run Privileged Tasks...
[[0;32m  OK  [0m] Reached target Remote File Systems (Pre).
[[0;32m  OK  [0m] Reached target Remote File Systems.
         Starting Permit User Sessions...
         Starting LSB: Set the CPU Frequency Scaling governor to "ondemand"...
         Starting LSB: automatic crash report generation...
         Starting LSB: daemon to balance interrupts for SMP systems...
         Starting Wait until snapd is fully seeded...
[[0;32m  OK  [0m] Started Apply the settings specified in cloud-config.
[[0;32m  OK  [0m] Started Permit User Sessions.
[[0;32m  OK  [0m] Started Wait until snapd is fully seeded.
[[0;32m  OK  [0m] Started Authenticate and Authorize Users to Run Privileged Tasks.
[[0;32m  OK  [0m] Started Accounts Service.
[[0;32m  OK  [0m] Started LSB: Set the CPU Frequency Scaling governor to "ondemand".
         Starting Hold until boot process finishes up...
         Starting Terminate Plymouth Boot Screen...
[[0;32m  OK  [0m] Started LSB: automatic crash report generation.
[[0;32m  OK  [0m] Started LSB: daemon to balance interrupts for SMP systems.
[[0;32m  OK  [0m] Started Hold until boot process finishes up.
[[0;32m  OK  [0m] Started Terminate Plymouth Boot Screen.
         Starting Set console scheme...
[[0;32m  OK  [0m] Started Getty on tty1.
[[0;32m  OK  [0m] Started Serial Getty on ttyS0.
[[0;32m  OK  [0m] Reached target Login Prompts.
[[0;32m  OK  [0m] Reached target Multi-User System.
[[0;32m  OK  [0m] Reached target Graphical Interface.
         Starting Update UTMP about System Runlevel Changes...
         Starting Execute cloud user/final scripts...
[[0;32m  OK  [0m] Started Set console scheme.
[[0;32m  OK  [0m] Started Update UTMP about System Runlevel Changes.
[   53.968311] cloud-init[1243]: Cloud-init v. 18.2 running 'modules:final' at Mon, 09 Jul 2018 04:06:03 +0000. Up 53.19 seconds.
[   54.112459] cloud-init[1243]: Cloud-init v. 18.2 finished at Mon, 09 Jul 2018 04:06:04 +0000. Datasource DataSourceNoCloud [seed=/dev/sdb][dsmode=net].  Up 53.94 seconds
[[0;32m  OK  [0m] Started Execute cloud user/final scripts.
[[0;32m  OK  [0m] Reached target Cloud-init target.

Ubuntu 16.04.4 LTS ubuntu-xenial ttyS0

ubuntu-xenial login: [[0;32m  OK  [0m] Stopped target Graphical Interface.
         Stopping           Stopping LSB: MD monitoring daemon...
         Stopping LSB: daemon to balance interrupts for SMP systems...
         Stopping OpenBSD Secure Shell server...
         Stopping Regular background program processing daemon...
[[0;32m  OK  [0m] Stopped Wait until snapd is fully seeded.
         Stopping Snappy daemon...
         Stopping D-Bus System Message Bus...
         Stopping LSB: Set the CPU Frequency Scaling governor to "ondemand"...
         Stopping LSB: Record successful boot for GRUB...
         Stopping FUSE filesystem for LXC...
[[0;32m  OK  [0m] Unmounted /var/lib/lxcfs.
[[0;32m  OK  [0m] Stopped Accounts Service.
[[0;32m  OK  [0m] Stopped Deferred execution scheduler.
[[0;32m  OK  [0m] Stopped System Logging Service.
[[0;32m  OK  [0m] Stopped Regular background program processing daemon.
[[0;32m  OK  [0m] Stopped OpenBSD Secure Shell server.
[[0;32m  OK  [0m] Stopped ACPI event daemon.
[[0;32m  OK  [0m] Stopped Snappy daemon.
[[0;32m  OK  [0m] Stopped Authenticate and Authorize Users to Run Privileged Tasks.
[[0;32m  OK  [0m] Stopped Getty on tty1.
[[0;32m  OK  [0m] Stopped Serial Getty on ttyS0.
[[0;32m  OK  [0m] Stopped User Manager for UID 1000.
[[0;32m  OK  [0m] Stopped Session 9 of user vagrant.
[[0;32m  OK  [0m] Stopped Unattended Upgrades Shutdown.
[[0;32m  OK  [0m] Stopped D-Bus System Message Bus.
[[0;32m  OK  [0m] Stopped FUSE filesystem for LXC.
[[0;32m  OK  [0m] Stopped LXD - container startup/shutdown.
[[0;32m  OK  [0m] Stopped LSB: MD monitoring daemon.
[[0;32m  OK  [0m] Stopped LSB: daemon to balance interrupts for SMP systems.
[[0;32m  OK  [0m] Stopped Virtualbox guest utils.
[[0;32m  OK  [0m] Stopped LSB: automatic crash report generation.
[[0;32m  OK  [0m] Stopped LSB: Set the CPU Frequency Scaling governor to "ondemand".
[[0;32m  OK  [0m] Stopped LSB: Record successful boot for GRUB.
[[0;32m  OK  [0m] Removed slice User Slice of vagrant.
         Stopping Login Service...
[[0;32m  OK  [0m] Removed slice system-serial\x2dgetty.slice.
[[0;32m  OK  [0m] Stopped /etc/rc.local Compatibility.
         Stopping Permit User Sessions...
[[0;32m  OK  [0m] Removed slice system-getty.slice.
[[0;32m  OK  [0m] Stopped Login Service.
[[0;32m  OK  [0m] Stopped Permit User Sessions.
[[0;32m  OK  [0m] Stopped target Remote File Systems.
[[0;32m  OK  [0m] Stopped target Remote File Systems (Pre).
         Stopping Login to default iSCSI targets...
[[0;32m  OK  [0m] Stopped target Basic System.
[[0;32m  OK  [0m] Stopped target Slices.
[[0;32m  OK  [0m] Stopped target Paths.
[[0;32m  OK  [0m] Stopped ACPI Events Check.
[[0;32m  OK  [0m] Stopped Forward Password Requests to Wall Directory Watch.
[[0;32m  OK  [0m] Stopped Dispatch Password Requests to Console Directory Watch.
[[0;32m  OK  [0m] Stopped target Sockets.
[[0;32m  OK  [0m] Closed ACPID Listen Socket.
[[0;32m  OK  [0m] Closed LXD - unix socket.
[[0;32m  OK  [0m] Closed Socket activation for snappy daemon.
[[0;32m  OK  [0m] Closed Syslog Socket.
[[0;32m  OK  [0m] Closed UUID daemon activation socket.
[[0;32m  OK  [0m] Closed D-Bus System Message Bus Socket.
[[0;32m  OK  [0m] Stopped target System Initialization.
         Stopping Load/Save Random Seed...
[[0;32m  OK  [0m] Stopped target Encrypted Volumes.
         Stopping Update UTMP about System Boot/Shutdown...
[[0;32m  OK  [0m] Stopped target Swap.
[[0;32m  OK  [0m] Removed slice User and Session Slice.
[[0;32m  OK  [0m] Stopped target User and Group Name Lookups.
[[0;32m  OK  [0m] Stopped Load/Save Random Seed.
[[0;32m  OK  [0m] Stopped Login to default iSCSI targets.
[[0;32m  OK  [0m] Stopped Update UTMP about System Boot/Shutdown.
[[0;32m  OK  [0m] Stopped Create Volatile Files and Directories.
         Stopping iSCSI initiator daemon (iscsid)...
[[0;32m  OK  [0m] Stopped iSCSI initiator daemon (iscsid).
[[0;32m  OK  [0m] Stopped target Network is Online.
[[0;32m  OK  [0m] Stopped Initial cloud-init job (metadata service crawler).
[[0;32m  OK  [0m] Stopped target Network.
         Stopping Raise network interfaces...
[[0;32m  OK  [0m] Stopped Raise network interfaces.
[[0;32m  OK  [0m] Stopped Apply Kernel Variables.
[[0;32m  OK  [0m] Stopped Load Kernel Modules.
[[0;32m  OK  [0m] Stopped target Network (Pre).
[[0;32m  OK  [0m] Stopped Initial cloud-init job (pre-networking).
[[0;32m  OK  [0m] Stopped target Local File Systems.
         Unmounting /vagrant...
         Unmounting /run/user/1000...
[[0;32m  OK  [0m] Unmounted /vagrant.
[[0;32m  OK  [0m] Unmounted /run/user/1000.
[[0;32m  OK  [0m] Reached target Unmount All Filesystems.
[[0;32m  OK  [0m] Stopped target Local File Systems (Pre).
         Stopping Monitoring of LVM2 mirrors... dmeventd or progress polling...
[[0;32m  OK  [0m] Stopped Remount Root and Kernel File Systems.
[[0;32m  OK  [0m] Stopped Create Static Device Nodes in /dev.
[[0;32m  OK  [0m] Reached target Shutdown.
[16020.028366] reboot: Power down
