[    0.000000] Initializing cgroup subsys cpuset
[    0.000000] Initializing cgroup subsys cpu
[    0.000000] Initializing cgroup subsys cpuacct
[    0.000000] Linux version 4.4.0-128-generic (buildd@lcy01-amd64-019) (gcc version 5.4.0 20160609 (Ubuntu 5.4.0-6ubuntu1~16.04.9) ) #154-Ubuntu SMP Fri May 25 14:15:18 UTC 2018 (Ubuntu 4.4.0-128.154-generic 4.4.131)
[    0.000000] Command line: BOOT_IMAGE=/boot/vmlinuz-4.4.0-128-generic root=LABEL=cloudimg-rootfs ro console=tty1 console=ttyS0
[    0.000000] KERNEL supported cpus:
[    0.000000]   Intel GenuineIntel
[    0.000000]   AMD AuthenticAMD
[    0.000000]   Centaur CentaurHauls
[    0.000000] x86/fpu: xstate_offset[2]:  576, xstate_sizes[2]:  256
[    0.000000] x86/fpu: Supporting XSAVE feature 0x01: 'x87 floating point registers'
[    0.000000] x86/fpu: Supporting XSAVE feature 0x02: 'SSE registers'
[    0.000000] x86/fpu: Supporting XSAVE feature 0x04: 'AVX registers'
[    0.000000] x86/fpu: Enabled xstate features 0x7, context size is 832 bytes, using 'standard' format.
[    0.000000] x86/fpu: Using 'lazy' FPU context switches.
[    0.000000] e820: BIOS-provided physical RAM map:
[    0.000000] BIOS-e820: [mem 0x0000000000000000-0x000000000009fbff] usable
[    0.000000] BIOS-e820: [mem 0x000000000009fc00-0x000000000009ffff] reserved
[    0.000000] BIOS-e820: [mem 0x00000000000f0000-0x00000000000fffff] reserved
[    0.000000] BIOS-e820: [mem 0x0000000000100000-0x000000003ffeffff] usable
[    0.000000] BIOS-e820: [mem 0x000000003fff0000-0x000000003fffffff] ACPI data
[    0.000000] BIOS-e820: [mem 0x00000000fec00000-0x00000000fec00fff] reserved
[    0.000000] BIOS-e820: [mem 0x00000000fee00000-0x00000000fee00fff] reserved
[    0.000000] BIOS-e820: [mem 0x00000000fffc0000-0x00000000ffffffff] reserved
[    0.000000] NX (Execute Disable) protection: active
[    0.000000] SMBIOS 2.5 present.
[    0.000000] Hypervisor detected: KVM
[    0.000000] e820: last_pfn = 0x3fff0 max_arch_pfn = 0x400000000
[    0.000000] MTRR: Disabled
[    0.000000] x86/PAT: MTRRs disabled, skipping PAT initialization too.
[    0.000000] CPU MTRRs all blank - virtualized system.
[    0.000000] x86/PAT: Configuration [0-7]: WB  WT  UC- UC  WB  WT  UC- UC  
[    0.000000] found SMP MP-table at [mem 0x0009fff0-0x0009ffff] mapped at [ffff88000009fff0]
[    0.000000] Scanning 1 areas for low memory corruption
[    0.000000] RAMDISK: [mem 0x36aa2000-0x37548fff]
[    0.000000] ACPI: Early table checksum verification disabled
[    0.000000] ACPI: RSDP 0x00000000000E0000 000024 (v02 VBOX  )
[    0.000000] ACPI: XSDT 0x000000003FFF0030 00003C (v01 VBOX   VBOXXSDT 00000001 ASL  00000061)
[    0.000000] ACPI: FACP 0x000000003FFF00F0 0000F4 (v04 VBOX   VBOXFACP 00000001 ASL  00000061)
[    0.000000] ACPI: DSDT 0x000000003FFF0470 0021FF (v02 VBOX   VBOXBIOS 00000002 INTL 20100528)
[    0.000000] ACPI: FACS 0x000000003FFF0200 000040
[    0.000000] ACPI: FACS 0x000000003FFF0200 000040
[    0.000000] ACPI: APIC 0x000000003FFF0240 00005C (v02 VBOX   VBOXAPIC 00000001 ASL  00000061)
[    0.000000] ACPI: SSDT 0x000000003FFF02A0 0001CC (v01 VBOX   VBOXCPUT 00000002 INTL 20100528)
[    0.000000] No NUMA configuration found
[    0.000000] Faking a node at [mem 0x0000000000000000-0x000000003ffeffff]
[    0.000000] NODE_DATA(0) allocated [mem 0x3ffeb000-0x3ffeffff]
[    0.000000] kvm-clock: Using msrs 4b564d01 and 4b564d00
[    0.000000] kvm-clock: cpu 0, msr 0:3ffe3001, primary cpu clock
[    0.000000] kvm-clock: using sched offset of 5223735431 cycles
[    0.000000] clocksource: kvm-clock: mask: 0xffffffffffffffff max_cycles: 0x1cd42e4dffb, max_idle_ns: 881590591483 ns
[    0.000000] Zone ranges:
[    0.000000]   DMA      [mem 0x0000000000001000-0x0000000000ffffff]
[    0.000000]   DMA32    [mem 0x0000000001000000-0x000000003ffeffff]
[    0.000000]   Normal   empty
[    0.000000]   Device   empty
[    0.000000] Movable zone start for each node
[    0.000000] Early memory node ranges
[    0.000000]   node   0: [mem 0x0000000000001000-0x000000000009efff]
[    0.000000]   node   0: [mem 0x0000000000100000-0x000000003ffeffff]
[    0.000000] Initmem setup node 0 [mem 0x0000000000001000-0x000000003ffeffff]
[    0.000000] ACPI: PM-Timer IO Port: 0x4008
[    0.000000] IOAPIC[0]: apic_id 2, version 32, address 0xfec00000, GSI 0-23
[    0.000000] ACPI: INT_SRC_OVR (bus 0 bus_irq 0 global_irq 2 dfl dfl)
[    0.000000] ACPI: INT_SRC_OVR (bus 0 bus_irq 9 global_irq 9 high level)
[    0.000000] Using ACPI (MADT) for SMP configuration information
[    0.000000] smpboot: Allowing 2 CPUs, 0 hotplug CPUs
[    0.000000] PM: Registered nosave memory: [mem 0x00000000-0x00000fff]
[    0.000000] PM: Registered nosave memory: [mem 0x0009f000-0x0009ffff]
[    0.000000] PM: Registered nosave memory: [mem 0x000a0000-0x000effff]
[    0.000000] PM: Registered nosave memory: [mem 0x000f0000-0x000fffff]
[    0.000000] e820: [mem 0x40000000-0xfebfffff] available for PCI devices
[    0.000000] Booting paravirtualized kernel on KVM
[    0.000000] clocksource: refined-jiffies: mask: 0xffffffff max_cycles: 0xffffffff, max_idle_ns: 7645519600211568 ns
[    0.000000] setup_percpu: NR_CPUS:512 nr_cpumask_bits:512 nr_cpu_ids:2 nr_node_ids:1
[    0.000000] PERCPU: Embedded 34 pages/cpu @ffff88003fc00000 s99544 r8192 d31528 u1048576
[    0.000000] PV qspinlock hash table entries: 256 (order: 0, 4096 bytes)
[    0.000000] Built 1 zonelists in Node order, mobility grouping on.  Total pages: 257912
[    0.000000] Policy zone: DMA32
[    0.000000] Kernel command line: BOOT_IMAGE=/boot/vmlinuz-4.4.0-128-generic root=LABEL=cloudimg-rootfs ro console=tty1 console=ttyS0
[    0.000000] PID hash table entries: 4096 (order: 3, 32768 bytes)
[    0.000000] Memory: 1001612K/1048120K available (8541K kernel code, 1313K rwdata, 4000K rodata, 1512K init, 1316K bss, 46508K reserved, 0K cma-reserved)
[    0.000000] SLUB: HWalign=64, Order=0-3, MinObjects=0, CPUs=2, Nodes=1
[    0.000000] Kernel/User page tables isolation: enabled
[    0.000000] Hierarchical RCU implementation.
[    0.000000] 	Build-time adjustment of leaf fanout to 64.
[    0.000000] 	RCU restricting CPUs from NR_CPUS=512 to nr_cpu_ids=2.
[    0.000000] RCU: Adjusting geometry for rcu_fanout_leaf=64, nr_cpu_ids=2
[    0.000000] NR_IRQS:33024 nr_irqs:440 16
[    0.000000] Console: colour VGA+ 80x25
[    0.000000] console [tty1] enabled
[    0.000000] console [ttyS0] enabled
[    0.000000] tsc: Detected 2294.688 MHz processor
[   10.528155] Calibrating delay loop (skipped) preset value.. 4589.37 BogoMIPS (lpj=9178752)
[   10.580061] pid_max: default: 32768 minimum: 301
[   10.612590] ACPI: Core revision 20150930
[   10.669716] ACPI: 2 ACPI AML tables successfully acquired and loaded
[   10.703246] Security Framework initialized
[   10.745275] Yama: becoming mindful.
[   10.793898] AppArmor: AppArmor initialized
[   10.860550] Dentry cache hash table entries: 131072 (order: 8, 1048576 bytes)
[   10.972292] Inode-cache hash table entries: 65536 (order: 7, 524288 bytes)
[   11.109269] Mount-cache hash table entries: 2048 (order: 2, 16384 bytes)
[   11.210989] Mountpoint-cache hash table entries: 2048 (order: 2, 16384 bytes)
[   11.314789] Initializing cgroup subsys io
[   11.342042] Initializing cgroup subsys memory
[   11.375643] Initializing cgroup subsys devices
[   11.420395] Initializing cgroup subsys freezer
[   11.455678] Initializing cgroup subsys net_cls
[   11.509278] Initializing cgroup subsys perf_event
[   11.567094] Initializing cgroup subsys net_prio
[   11.643119] Initializing cgroup subsys hugetlb
[   11.697464] Initializing cgroup subsys pids
[   11.742834] CPU: Physical Processor ID: 0
[   11.794678] CPU: Processor Core ID: 0
[   11.818234] mce: CPU supports 0 MCE banks
[   11.843300] Last level iTLB entries: 4KB 1024, 2MB 1024, 4MB 1024
[   11.913748] Last level dTLB entries: 4KB 1024, 2MB 1024, 4MB 1024, 1GB 4
[   11.971571] Spectre V2 : Mitigation: Full generic retpoline
[   12.031209] Spectre V2 : Speculation control IBPB not-supported IBRS not-supported
[   12.096048] Speculative Store Bypass: Vulnerable
[   12.145581] Freeing SMP alternatives memory: 32K
[   12.233136] ftrace: allocating 32236 entries in 126 pages
[   12.670109] smpboot: APIC(0) Converting physical 0 to logical package 0
[   12.715216] smpboot: Max logical packages: 1
[   12.753488] x2apic enabled
[   12.776293] Switched APIC routing to physical x2apic.
[   12.863694] ..TIMER: vector=0x30 apic1=0 pin1=2 apic2=-1 pin2=-1
[   13.084900] smpboot: CPU0: Intel(R) Core(TM) i5-4200U CPU @ 1.60GHz (family: 0x6, model: 0x45, stepping: 0x1)
[   13.304665] Performance Events: unsupported p6 CPU model 69 no PMU driver, software events only.
[   13.482292] KVM setup paravirtual spinlock
[   13.577428] x86: Booting SMP configuration:
[   13.661102] .... node  #0, CPUs:      #1
[   13.742965] kvm-clock: cpu 1, msr 0:3ffe3041, secondary cpu clock
[   13.798706] mce: CPU supports 0 MCE banks
[   13.848092] x86: Booted up 1 node, 2 CPUs
[   13.896538] smpboot: Total of 2 processors activated (9178.75 BogoMIPS)
[   13.986737] devtmpfs: initialized
[   14.051647] evm: security.selinux
[   14.087745] evm: security.SMACK64
[   14.119356] evm: security.SMACK64EXEC
[   14.139876] evm: security.SMACK64TRANSMUTE
[   14.172459] evm: security.SMACK64MMAP
[   14.222363] evm: security.ima
[   14.243800] evm: security.capability
[   14.301660] clocksource: jiffies: mask: 0xffffffff max_cycles: 0xffffffff, max_idle_ns: 7645041785100000 ns
[   14.417250] futex hash table entries: 512 (order: 3, 32768 bytes)
[   14.525893] pinctrl core: initialized pinctrl subsystem
[   14.598395] RTC time:  6:25:17, date: 06/27/18
[   14.670548] NET: Registered protocol family 16
[   14.744739] cpuidle: using governor ladder
[   14.812219] cpuidle: using governor menu
[   14.893803] PCCT header not found.
[   14.978558] ACPI: bus type PCI registered
[   15.052483] acpiphp: ACPI Hot Plug PCI Controller Driver version: 0.5
[   15.204347] PCI: Using configuration type 1 for base access
[   15.279812] ACPI: Added _OSI(Module Device)
[   15.353064] ACPI: Added _OSI(Processor Device)
[   15.388402] ACPI: Added _OSI(3.0 _SCP Extensions)
[   15.428180] ACPI: Added _OSI(Processor Aggregator Device)
[   15.498263] ACPI: Executed 1 blocks of module-level executable AML code
[   15.550851] ACPI: Interpreter enabled
[   15.589716] ACPI: (supports S0 S5)
[   15.615580] ACPI: Using IOAPIC for interrupt routing
[   15.666508] PCI: Using host bridge windows from ACPI; if necessary, use "pci=nocrs" and report a bug
[   15.805304] ACPI: PCI Root Bridge [PCI0] (domain 0000 [bus 00-ff])
[   15.906220] acpi PNP0A03:00: _OSC: OS supports [ASPM ClockPM Segments MSI]
[   16.018752] acpi PNP0A03:00: _OSC: not requesting OS control; OS requires [ExtendedConfig ASPM ClockPM MSI]
[   16.112734] acpi PNP0A03:00: fail to add MMCONFIG information, can't access extended PCI configuration space under this bridge.
[   16.279860] PCI host bridge to bus 0000:00
[   16.350113] pci_bus 0000:00: root bus resource [io  0x0000-0x0cf7 window]
[   16.498689] pci_bus 0000:00: root bus resource [io  0x0d00-0xffff window]
[   16.621851] pci_bus 0000:00: root bus resource [mem 0x000a0000-0x000bffff window]
[   16.735825] pci_bus 0000:00: root bus resource [mem 0x40000000-0xffdfffff window]
[   16.809598] pci_bus 0000:00: root bus resource [bus 00-ff]
[   16.858808] pci 0000:00:01.1: legacy IDE quirk: reg 0x10: [io  0x01f0-0x01f7]
[   16.921584] pci 0000:00:01.1: legacy IDE quirk: reg 0x14: [io  0x03f6]
[   16.995847] pci 0000:00:01.1: legacy IDE quirk: reg 0x18: [io  0x0170-0x0177]
[   17.119592] pci 0000:00:01.1: legacy IDE quirk: reg 0x1c: [io  0x0376]
[   17.267617] pci 0000:00:07.0: quirk: [io  0x4000-0x403f] claimed by PIIX4 ACPI
[   17.452459] pci 0000:00:07.0: quirk: [io  0x4100-0x410f] claimed by PIIX4 SMB
[   17.612902] ACPI: PCI Interrupt Link [LNKA] (IRQs 5 9 10 *11)
[   17.692852] ACPI: PCI Interrupt Link [LNKB] (IRQs 5 9 10 *11)
[   17.784222] ACPI: PCI Interrupt Link [LNKC] (IRQs 5 9 *10 11)
[   17.851639] ACPI: PCI Interrupt Link [LNKD] (IRQs 5 *9 10 11)
[   17.942103] ACPI: Enabled 2 GPEs in block 00 to 07
[   17.994420] vgaarb: setting as boot device: PCI:0000:00:02.0
[   18.064277] vgaarb: device added: PCI:0000:00:02.0,decodes=io+mem,owns=io+mem,locks=none
[   18.166383] vgaarb: loaded
[   18.193276] vgaarb: bridge control possible 0000:00:02.0
[   18.228862] SCSI subsystem initialized
[   18.288487] ACPI: bus type USB registered
[   18.334118] usbcore: registered new interface driver usbfs
[   18.376850] usbcore: registered new interface driver hub
[   18.412195] usbcore: registered new device driver usb
[   18.493785] PCI: Using ACPI for IRQ routing
[   18.542722] NetLabel: Initializing
[   18.592371] NetLabel:  domain hash size = 128
[   18.712514] NetLabel:  protocols = UNLABELED CIPSOv4
[   18.843870] NetLabel:  unlabeled traffic allowed by default
[   18.963591] amd_nb: Cannot enumerate AMD northbridges
[   19.094887] clocksource: Switched to clocksource kvm-clock
[   19.225324] AppArmor: AppArmor Filesystem Enabled
[   19.332126] pnp: PnP ACPI init
[   19.422281] pnp: PnP ACPI: found 3 devices
[   19.542084] clocksource: acpi_pm: mask: 0xffffff max_cycles: 0xffffff, max_idle_ns: 2085701024 ns
[   19.713623] NET: Registered protocol family 2
[   19.769072] TCP established hash table entries: 8192 (order: 4, 65536 bytes)
[   19.886980] TCP bind hash table entries: 8192 (order: 5, 131072 bytes)
[   20.040006] TCP: Hash tables configured (established 8192 bind 8192)
[   20.185593] UDP hash table entries: 512 (order: 2, 16384 bytes)
[   20.267034] UDP-Lite hash table entries: 512 (order: 2, 16384 bytes)
[   20.397271] NET: Registered protocol family 1
[   20.444548] pci 0000:00:00.0: Limiting direct PCI/PCI transfers
[   20.553477] pci 0000:00:01.0: Activating ISA DMA hang workarounds
[   20.646855] Unpacking initramfs...
[   28.523432] Freeing initrd memory: 10908K
[   28.579430] RAPL PMU detected, API unit is 2^-32 Joules, 4 fixed counters 10737418240 ms ovfl timer
[   28.637570] hw unit of domain pp0-core 2^-0 Joules
[   28.696993] hw unit of domain package 2^-0 Joules
[   28.757330] hw unit of domain dram 2^-0 Joules
[   28.818186] hw unit of domain pp1-gpu 2^-0 Joules
[   28.904039] platform rtc_cmos: registered platform RTC device (no PNP device found)
[   29.041794] Scanning for low memory corruption every 60 seconds
[   29.130655] audit: initializing netlink subsys (disabled)
[   29.184378] audit: type=2000 audit(1530080721.233:1): initialized
[   29.244757] Initialise system trusted keyring
[   29.327272] HugeTLB registered 2 MB page size, pre-allocated 0 pages
[   29.439968] zbud: loaded
[   29.478177] VFS: Disk quotas dquot_6.6.0
[   29.574500] VFS: Dquot-cache hash table entries: 512 (order 0, 4096 bytes)
[   29.712455] squashfs: version 4.0 (2009/01/31) Phillip Lougher
[   29.777496] fuse init (API version 7.23)
[   29.828937] Key type big_key registered
[   29.865138] Allocating IMA MOK and blacklist keyrings.
[   29.936189] tsc: Refined TSC clocksource calibration: 2293.732 MHz
[   30.000208] clocksource: tsc: mask: 0xffffffffffffffff max_cycles: 0x211013f6c94, max_idle_ns: 440795232627 ns
[   30.113828] Key type asymmetric registered
[   30.165606] Asymmetric key parser 'x509' registered
[   30.235667] Block layer SCSI generic (bsg) driver version 0.4 loaded (major 249)
[   30.363760] io scheduler noop registered
[   30.431936] io scheduler deadline registered (default)
[   30.527205] io scheduler cfq registered
[   30.618167] pci_hotplug: PCI Hot Plug PCI Core version: 0.5
[   30.727993] pciehp: PCI Express Hot Plug Controller Driver version: 0.4
[   30.865273] ACPI: AC Adapter [AC] (on-line)
[   30.980603] input: Power Button as /devices/LNXSYSTM:00/LNXPWRBN:00/input/input0
[   31.113049] ACPI: Power Button [PWRF]
[   31.139577] input: Sleep Button as /devices/LNXSYSTM:00/LNXSLPBN:00/input/input1
[   31.192321] ACPI: Sleep Button [SLPF]
[   31.216734] GHES: HEST is not enabled!
[   31.221152] ACPI: Battery Slot [BAT0] (battery present)
[   31.382238] Serial: 8250/16550 driver, 32 ports, IRQ sharing enabled
ÿ[   31.520889] 00:02: ttyS0 at I/O 0x3f8 (irq = 4, base_baud = 115200) is a 16550A
[   31.620108] Linux agpgart interface v0.103
[   31.665683] loop: module loaded
[   31.719075] scsi host0: ata_piix
[   31.768120] scsi host1: ata_piix
[   31.817500] ata1: PATA max UDMA/33 cmd 0x1f0 ctl 0x3f6 bmdma 0xd000 irq 14
[   31.905364] ata2: PATA max UDMA/33 cmd 0x170 ctl 0x376 bmdma 0xd008 irq 15
[   32.006691] libphy: Fixed MDIO Bus: probed
[   32.039897] tun: Universal TUN/TAP device driver, 1.6
[   32.153033] tun: (C) 1999-2004 Max Krasnyansky <maxk@qualcomm.com>
[   32.243277] PPP generic driver version 2.4.2
[   32.283249] ehci_hcd: USB 2.0 'Enhanced' Host Controller (EHCI) Driver
[   32.331668] ehci-pci: EHCI PCI platform driver
[   32.356184] ehci-platform: EHCI generic platform driver
[   32.396458] ohci_hcd: USB 1.1 'Open' Host Controller (OHCI) Driver
[   32.465815] ohci-pci: OHCI PCI platform driver
[   32.549757] ohci-platform: OHCI generic platform driver
[   32.600276] uhci_hcd: USB Universal Host Controller Interface driver
[   32.690589] i8042: PNP: PS/2 Controller [PNP0303:PS2K,PNP0f03:PS2M] at 0x60,0x64 irq 1,12
[   32.867647] serio: i8042 KBD port at 0x60,0x64 irq 1
[   32.943684] serio: i8042 AUX port at 0x60,0x64 irq 12
[   33.035434] mousedev: PS/2 mouse device common for all mice
[   33.128879] input: AT Translated Set 2 keyboard as /devices/platform/i8042/serio0/input/input2
[   33.194768] rtc_cmos rtc_cmos: rtc core: registered rtc_cmos as rtc0
[   33.271875] rtc_cmos rtc_cmos: alarms up to one day, 114 bytes nvram
[   33.342248] i2c /dev entries driver
[   33.397021] device-mapper: uevent: version 1.0.3
[   33.536835] device-mapper: ioctl: 4.34.0-ioctl (2015-10-28) initialised: dm-devel@redhat.com
[   33.725307] ledtrig-cpu: registered to indicate activity on CPUs
[   33.799616] NET: Registered protocol family 10
[   33.873394] NET: Registered protocol family 17
[   33.952987] Key type dns_resolver registered
[   34.000130] registered taskstats version 1
[   34.033502] Loading compiled-in X.509 certificates
[   34.086369] Loaded X.509 cert 'Build time autogenerated kernel key: fc7b57a7df019f2655f66a8a374d74ee8f4999fc'
[   34.204897] zswap: loaded using pool lzo/zbud
[   34.284665] Key type trusted registered
[   34.374365] Key type encrypted registered
[   34.405054] AppArmor: AppArmor sha1 policy hashing enabled
[   34.456622] ima: No TPM chip found, activating TPM-bypass!
[   34.549502] evm: HMAC attrs: 0x1
[   34.601058]   Magic number: 6:39:419
[   34.662514] rtc_cmos rtc_cmos: setting system clock to 2018-06-27 06:25:37 UTC (1530080737)
[   34.816294] BIOS EDD facility v0.16 2004-Jun-25, 0 devices found
[   34.938654] EDD information not available.
[   35.028268] Freeing unused kernel memory: 1512K
[   35.111037] Write protecting the kernel read-only data: 14336k
[   35.218618] Freeing unused kernel memory: 1688K
[   35.287047] Freeing unused kernel memory: 96K
Loading, please wait...
starting version[   35.384450] random: systemd-udevd: uninitialized urandom read (16 bytes read, 4 bits of entropy available)
 229
[   35.388346] random: udevadm: uninitialized urandom read (16 bytes read, 4 bits of entropy available)
[   35.388454] random: udevadm: uninitialized urandom read (16 bytes read, 4 bits of entropy available)
[   35.448222] random: udevadm: uninitialized urandom read (16 bytes read, 4 bits of entropy available)
[   35.448435] random: udevadm: uninitialized urandom read (16 bytes read, 4 bits of entropy available)
[   35.449234] random: udevadm: uninitialized urandom read (16 bytes read, 4 bits of entropy available)
[   35.449514] random: udevadm: uninitialized urandom read (16 bytes read, 4 bits of entropy available)
[   35.450302] random: udevadm: uninitialized urandom read (16 bytes read, 4 bits of entropy available)
[   35.450647] random: udevadm: uninitialized urandom read (16 bytes read, 4 bits of entropy available)
[   35.450925] random: udevadm: uninitialized urandom read (16 bytes read, 4 bits of entropy available)
[   36.834929] Fusion MPT base driver 3.04.20
[   36.893637] Copyright (c) 1999-2008 LSI Corporation
[   37.033947] e1000: Intel(R) PRO/1000 Network Driver - version 7.3.21-k8-NAPI
[   37.128456] e1000: Copyright (c) 1999-2006 Intel Corporation.
[   37.210418] Fusion MPT SPI Host driver 3.04.20
[   37.307020] AVX version of gcm_enc/dec engaged.
[   37.399082] AES CTR mode by8 optimization enabled
[   37.482049] input: ImExPS/2 Generic Explorer Mouse as /devices/platform/i8042/serio1/input/input4
[   37.897832] e1000 0000:00:03.0 eth0: (PCI:33MHz:32-bit) 02:b0:72:86:cc:22
[   38.020212] e1000 0000:00:03.0 eth0: Intel(R) PRO/1000 Network Connection
[   38.083793] mptbase: ioc0: Initiating bringup
[   38.086770] e1000 0000:00:03.0 enp0s3: renamed from eth0
[   38.287697] ioc0: LSI53C1030 A0: Capabilities={Initiator}
[   38.606726] scsi host2: ioc0: LSI53C1030 A0, FwRev=00000000h, Ports=1, MaxQ=256, IRQ=20
[   38.869784] scsi 2:0:0:0: Direct-Access     VBOX     HARDDISK         1.0  PQ: 0 ANSI: 5
[   39.078132] scsi target2:0:0: Beginning Domain Validation
[   39.210958] scsi target2:0:0: Domain Validation skipping write tests
[   39.329949] scsi target2:0:0: Ending Domain Validation
[   39.446630] scsi target2:0:0: asynchronous
[   39.505232] scsi 2:0:1:0: Direct-Access     VBOX     HARDDISK         1.0  PQ: 0 ANSI: 5
[   39.681722] scsi target2:0:1: Beginning Domain Validation
[   39.795184] scsi target2:0:1: Domain Validation skipping write tests
[   39.985228] scsi target2:0:1: Ending Domain Validation
[   40.147495] scsi target2:0:1: asynchronous
[   40.267658] sd 2:0:0:0: Attached scsi generic sg0 type 0
[   40.411039] sd 2:0:0:0: [sda] 20971520 512-byte logical blocks: (10.7 GB/10.0 GiB)
[   40.411838] sd 2:0:1:0: [sdb] 20480 512-byte logical blocks: (10.5 MB/10.0 MiB)
[   40.412386] sd 2:0:1:0: [sdb] Write Protect is off
[   40.412756] sd 2:0:1:0: [sdb] Incomplete mode parameter data
[   40.412761] sd 2:0:1:0: [sdb] Assuming drive cache: write through
[   40.412803] sd 2:0:1:0: Attached scsi generic sg1 type 0
[   40.422663] sd 2:0:1:0: [sdb] Attached SCSI disk
[   40.992753] sd 2:0:0:0: [sda] Write Protect is off
[   41.123266] sd 2:0:0:0: [sda] Incomplete mode parameter data
[   41.273057] sd 2:0:0:0: [sda] Assuming drive cache: write through
[   41.432628]  sda: sda1
[   41.502365] sd 2:0:0:0: [sda] Attached SCSI disk
Begin: Loading e[   44.101017] md: linear personality registered for level -1
ssential drivers[   44.200023] md: multipath personality registered for level -4
 ... [   44.311094] md: raid0 personality registered for level 0
[   44.389433] md: raid1 personality registered for level 1
[   44.563331] raid6: sse2x1   gen()  2097 MB/s
[   44.691688] raid6: sse2x1   xor()  1638 MB/s
[   44.799083] raid6: sse2x2   gen()  2173 MB/s
[   44.903499] raid6: sse2x2   xor()  1316 MB/s
[   44.995472] raid6: sse2x4   gen()  2392 MB/s
[   45.099765] raid6: sse2x4   xor()  1196 MB/s
[   45.143106] raid6: using algorithm sse2x4 gen() 2392 MB/s
[   45.223283] raid6: .... xor() 1196 MB/s, rmw enabled
[   45.279176] raid6: using ssse3x2 recovery algorithm
[   45.344270] xor: automatically using best checksumming function:
[   45.451367]    avx       :  5046.000 MB/sec
[   45.565693] async_tx: api initialized (async)
[   45.658053] md: raid6 personality registered for level 6
[   45.711101] md: raid5 personality registered for level 5
[   45.820958] md: raid4 personality registered for level 4
[   45.916240] md: raid10 personality registered for level 10
done.
Begin: Running /scripts/init-premount ... done.
Begin: Mounting root file system ... Begin: Running /scripts/local-top ... do[   46.135996] Btrfs loaded
ne.
Begin: Running /scripts/local-premount ... Scanning for Btrfs filesystems
done.
Warning: fsck no[   46.288881] EXT4-fs (sda1): mounted filesystem with ordered data mode. Opts: (null)
t present, so skipping root file system
done.
Begin: Running /scripts/local-bottom ... done.
Begin: Running /scripts/init-bottom ... done.
[   46.729140] systemd[1]: systemd 229 running in system mode. (+PAM +AUDIT +SELINUX +IMA +APPARMOR +SMACK +SYSVINIT +UTMP +LIBCRYPTSETUP +GCRYPT +GNUTLS +ACL +XZ -LZ4 +SECCOMP +BLKID +ELFUTILS +KMOD -IDN)
[   46.944592] systemd[1]: Detected virtualization oracle.
[   46.999115] systemd[1]: Detected architecture x86-64.

Welcome to [1mUbuntu 16.04.4 LTS[0m!

[   47.156973] systemd[1]: Set hostname to <ubuntu-xenial>.
[   47.784014] random: nonblocking pool is initialized
[   47.924340] systemd[1]: Created slice User and Session Slice.
[[0;32m  OK  [0m] Created slice User and Session Slice.
[   48.073018] systemd[1]: Listening on udev Control Socket.
[[0;32m  OK  [0m] Listening on udev Control Socket.
[   48.208859] systemd[1]: Set up automount Arbitrary Executable File Formats File System Automount Point.
[[0;32m  OK  [0m] Set up automount Arbitrary Executab...ats File System Automount Point.
[   48.479457] systemd[1]: Reached target User and Group Name Lookups.
[[0;32m  OK  [0m] Reached target User and Group Name Lookups.
[   48.751936] systemd[1]: Reached target Encrypted Volumes.
[[0;32m  OK  [0m] Reached target Encrypted Volumes.
[   48.968026] systemd[1]: Listening on LVM2 poll daemon socket.
[[0;32m  OK  [0m] Listening on LVM2 poll daemon socket.
[   49.176097] systemd[1]: Listening on /dev/initctl Compatibility Named Pipe.
[[0;32m  OK  [0m] Listening on /dev/initctl Compatibility Named Pipe.
[   49.467522] systemd[1]: Reached target Swap.
[[0;32m  OK  [0m] Reached target Swap.
[   49.636575] systemd[1]: Created slice System Slice.
[[0;32m  OK  [0m] Created slice System Slice.
[   49.836785] systemd[1]: Created slice system-serial\x2dgetty.slice.
[[0;32m  OK  [0m] Created slice system-serial\x2dgetty.slice.
[   50.096366] systemd[1]: Reached target Slices.
[[0;32m  OK  [0m] Reached target Slices.
[   50.268147] systemd[1]: Started Trigger resolvconf update for networkd DNS.
[[0;32m  OK  [0m] Started Trigger resolvconf update for networkd DNS.
[   50.442105] systemd[1]: Listening on Syslog Socket.
[[0;32m  OK  [0m] Listening on Syslog Socket.
[   50.619760] systemd[1]: Listening on udev Kernel Socket.
[[0;32m  OK  [0m] Listening on udev Kernel Socket.
[   50.852042] systemd[1]: Reached target System Time Synchronized.
[[0;32m  OK  [0m] Reached target System Time Synchronized.
[   51.140147] systemd[1]: Listening on Journal Audit Socket.
[[0;32m  OK  [0m] Listening on Journal Audit Socket.
[   51.356014] systemd[1]: Listening on Journal Socket.
[[0;32m  OK  [0m] Listening on Journal Socket.
[   51.571498] systemd[1]: Starting Uncomplicated firewall...
         Starting Uncomplicated firewall...
[   51.740204] systemd[1]: Mounting Huge Pages File System...
         Mounting Huge Pages File System...
[   51.876203] systemd[1]: Starting Set console keymap...
         Starting Set console keymap...
[   52.085808] systemd[1]: Starting Create list of required static device nodes for the current kernel...
         Starting Create list of required st... nodes for the current kernel...
[   52.360285] systemd[1]: Mounting Debug File System...
         Mounting Debug File System...
[   52.568182] systemd[1]: Mounting POSIX Message Queue File System...
         Mounting POSIX Message Queue File System...
[   52.755729] systemd[1]: Starting Nameserver information manager...
         Starting Nameserver information manager...
[   52.948054] systemd[1]: Starting Remount Root and Kernel File Systems...
         Starting Remount[   53.021192] EXT4-fs (sda1): re-mounted. Opts: (null)
 Root and Kernel File Systems...
[   53.112348] systemd[1]: Listening on LVM2 metadata daemon socket.
[[0;32m  OK  [0m] Listening on LVM2 metadata daemon socket.
[   53.256140] systemd[1]: Listening on Journal Socket (/dev/log).
[[0;32m  OK  [0m] Listening on Journal Socket (/dev/log).
[   53.412005] systemd[1]: Starting Journal Service...
         Starting Journal Service...
[   53.532216] systemd[1]: Listening on Device-mapper event daemon FIFOs.
[[0;32m  OK  [0m] Listening on Device-mapper event daemon FIFOs.
[   53.743959] systemd[1]: Starting Monitoring of LVM2 mirrors, snapshots etc. using dmeventd or progress polling...
         Starting Monitoring of LVM2 mirrors... dmeventd or progress polling...
[   53.972095] systemd[1]: Started Forward Password Requests to Wall Directory Watch.
[[0;32m  OK  [0m] Started Forward Password Requests to Wall Directory Watch.
[   54.184731] systemd[1]: Starting Load Kernel Modules...
         Starting Load Kernel Mo[   54.237948] Loading iSCSI transport class v2.0-870.
dules...
[   54.306387] systemd[1]: Mounted Debug File System.
[   54.345950] iscsi: registered transport (tcp)
[[0;32m  OK  [0m] Mounted Debug File System.
[   54.424760] systemd[1]: Mounted POSIX Message Queue File System.
[[0;32m  OK  [0m] Mounted POSIX Message Queue File System.
[   54.556175] systemd[1]: Mounted Huge Pages File System.
[   54.596352] iscsi: registered transport (iser)
[[0;32m  OK  [0m] Mounted Huge Pages File System.
[   54.724438] systemd[1]: Started Journal Service.
[[0;32m  OK  [0m] Started Journal Service.
[[0;32m  OK  [0m] Started Uncomplicated firewall.
[[0;32m  OK  [0m] Started Set console keymap.
[[0;32m  OK  [0m] Started Create list of required sta...ce nodes for the current kernel.
[[0;32m  OK  [0m] Started Remount Root and Kernel File Systems.
[[0;32m  OK  [0m] Started Load Kernel Modules.
[[0;32m  OK  [0m] Started Nameserver information manager.
[[0;32m  OK  [0m] Started LVM2 metadata daemon.
         Mounting FUSE Control File System...
         Starting Apply Kernel Variables...
         Starting Load/Save Random Seed...
         Starting udev Coldplug all Devices...
         Starting Create Static Device Nodes in /dev...
         Starting Flush Journal to Persistent Storage...
[[0;32m  OK  [0m] Mounted FUSE Control File System.
[[0;32m  OK  [0m] Started Monitoring of LVM2 mirrors,...ng dmeventd or progress polling.
[[0;32m  OK  [0m] Started Apply Kernel Variables.
[[0;32m  OK  [0m] Started Load/Save Random Seed.
[[0;32m  OK  [0m] Started Create Static Device Nodes in /dev.
[[0;32m  OK  [0m] Started udev Coldplug all Devices.
[[0;32m  OK  [0m] Started Flush Journal to Persistent Storage.
         Starting udev Kernel Device Manager...
[[0;32m  OK  [0m] Started udev Kernel Device Manager.
[[0;32m  OK  [0m] Started Dispatch Password Requests to Console Directory Watch.
[[0;32m  OK  [0m] Reached target Local File Systems (Pre).
[[0;32m  OK  [0m] Reached target Local File Systems.
         Starting Tell Plymouth To Write Out Runtime Data...
         Starting Set console font and keymap...
         Starting Create Volatile Files and Directories...
         Starting LSB: AppArmor initialization...
         Starting Initial cloud-init job (pre-networking)...
[[0;32m  OK  [0m] Started Tell Plymouth To Write Out Runtime Data.
[[0;32m  OK  [0m] Started Create Volatile Files and Directories.
[[0;32m  OK  [0m] Found device /dev/ttyS0.
         Starting Update UTMP about System Boot/Shutdown...
[[0;32m  OK  [0m] Started LSB: AppArmor initialization.
[[0;32m  OK  [0m] Found device 82540EM Gigabit Ethern...r (PRO/1000 MT Desktop Adapter).
[[0;32m  OK  [0m] Started Update UTMP about System Boot/Shutdown.
[[0;32m  OK  [0m] Started Set console font and keymap.
[[0;32m  OK  [0m] Listening on Load/Save RF Kill Switch Status /dev/rfkill Watch.
[[0;32m  OK  [0m] Created slice system-getty.slice.
[   42.620056] cloud-init[520]: Cloud-init v. 18.2 running 'init-local' at Wed, 27 Jun 2018 06:26:02 +0000. Up 41.89 seconds.
[[0;32m  OK  [0m] Started Initial cloud-init job (pre-networking).
[[0;32m  OK  [0m] Reached target Network (Pre).
[[0;32m  OK  [0m] Started ifup for enp0s3.
         Starting Raise network interfaces...
[[0;32m  OK  [0m] Started Raise network interfaces.
[[0;32m  OK  [0m] Reached target Network.
         Starting Initial cloud-init job (metadata service crawler)...
[   46.145481] cloud-init[998]: Cloud-init v. 18.2 running 'init' at Wed, 27 Jun 2018 06:26:05 +0000. Up 44.97 seconds.
[   46.289557] cloud-init[998]: ci-info: +++++++++++++++++++++++++++++++++++++Net device info++++++++++++++++++++++++++++++++++++++
[   46.441942] cloud-init[998]: ci-info: +--------+------+----------------------------+---------------+-------+-------------------+
[   46.443329] cloud-init[998]: ci-info: | Device |  Up  |          Address           |      Mask     | Scope |     Hw-Address    |[
[0;32m  OK  [0m] Started Initial cloud-init job (metadata service crawler).
[   46.444372] cloud-init[998]: ci-info: +--------+------+----------------------------+---------------+-------+-------------------+
[   47.069346] cloud-init[998]: ci-info: | enp0s3 | True |         10.0.2.15          | 255.255.255.0 |   .   | 02:b0:72:86:cc:22 |
[   47.070445] cloud-init[998]: ci-info: | enp0s3 | True | fe80::b0:72ff:fe86:cc22/64 |       .       |  link | 02:b0:72:86:cc:22 |
[[0;32m  OK  [0m] Reached target Cloud-config availability.
[   47.070992] cloud-init[998]: ci-info: |   lo   | True |         127.0.0.1          |   255.0.0.0   |   .   |         .         |
[   47.471240] cloud-init[998]: [ci-info: |   lo   | True |          ::1/128           |       .       |  host |         .         |[0;32m  OK  [0m
] Reached target System Initialization.
[   47.471835] cloud-init[998]: ci-info: +--------+------+----------------------------+---------------+-------+-------------------+
[   48.025563] cloud-init[998]: ci-info: +++++++++++++++++++++++++++Route IPv4 info++++++++++++++++++++++++++++
         Starting LXD - unix socket.
[[0;32m  OK  [0m] Listening on UUID daemon activation socket.
[   48.150940] cloud-init[998]: ci-info: +-------+-------------+----------+---------------+-----------+-------+
[[0;32m  OK  [0m] Listening on D-Bus System Message Bus Socket.
[   48.467091] cloud-init[998]: ci-info: | Route | Destination | Gateway  |    Genmask    | Interface | Flags |
[   48.661911] [[0;32m  OK  [0m] Started Daily apt download activities.
cloud-init[998]: ci-info: +-------+-------------+----------+---------------+-----------+-------+
[   48.669393] [cloud-init[0;32m  OK  [0m[998]: ] ci-info: |   0   |   0.0.0.0   | 10.0.2.2 |    0.0.0.0    |   enp0s3  |   UG  |Listening on ACPID Listen Socket.

[   48.839968] cloud-init[998]: ci-info: |   1   |   10.0.2.0  | 0.0.0.0  | 255.255.255.0 |   enp0s3  |   U   |
[[0;32m  OK  [0m] Started Daily apt upgrade and clean activities.
[   48.989294] cloud-init[998]: ci-info: +-------+-------------+----------+---------------+-----------+-------+
[[0;32m  OK  [0m] Started ACPI Events Check.
[[0;32m  OK  [0m] Reached target Paths.
[[0;32m  OK  [0m] Started Daily Cleanup of Temporary Directories.
[[0;32m  OK  [0m] Reached target Timers.
         Starting Socket activation for snappy daemon.
[[0;32m  OK  [0m] Reached target Network is Online.
         Starting iSCSI initiator daemon (iscsid)...
[[0;32m  OK  [0m] Listening on LXD - unix socket.
[[0;32m  OK  [0m] Listening on Socket activation for snappy daemon.
[[0;32m  OK  [0m] Started iSCSI initiator daemon (iscsid).
         Starting Login to default iSCSI targets...
[[0;32m  OK  [0m] Reached target Sockets.
[[0;32m  OK  [0m] Reached target Basic System.
         Starting System Logging Service...
         Starting LSB: Record successful boot for GRUB...
         Starting Accounts Service...
         Starting Login Service...
[[0;32m  OK  [0m] Started Regular background program processing daemon.
         Starting OpenBSD Secure Shell server...
[[0;32m  OK  [0m] Started Unattended Upgrades Shutdown.
         Starting LXD - container startup/shutdown...
[[0;32m  OK  [0m] Started Deferred execution scheduler.
         Starting Apply the settings specified in cloud-config...
[[0;32m  OK  [0m] Started ACPI event daemon.
         Starting LSB: MD monitoring daemon...
         Starting /etc/rc.local Compatibility...
[[0;32m  OK  [0m] Started FUSE filesystem for LXC.
         Starting Snappy daemon...
         Starting Virtualbox guest utils...
[[0;32m  OK  [0m] Started D-Bus System Message Bus.
[[0;32m  OK  [0m] Started System Logging Service.
[[0;32m  OK  [0m] Started OpenBSD Secure Shell server.
[[0;32m  OK  [0m] Started LXD - container startup/shutdown.
[[0;32m  OK  [0m] Started /etc/rc.local Compatibility.
[[0;32m  OK  [0m] Started Snappy daemon.
[[0;32m  OK  [0m] Started Login to default iSCSI targets.
[[0;32m  OK  [0m] Started LSB: Record successful boot for GRUB.
[[0;32m  OK  [0m] Started LSB: MD monitoring daemon.
[[0;32m  OK  [0m] Started Virtualbox guest utils.
[[0;32m  OK  [0m] Started Login Service.
[   52.740410] cloud-init[1091]: Cloud-init v. 18.2 running 'modules:config' at Wed, 27 Jun 2018 06:26:13 +0000. Up 52.33 seconds.
         Starting Authenticate and Authorize Users to Run Privileged Tasks...
[[0;32m  OK  [0m] Reached target Remote File Systems (Pre).
[[0;32m  OK  [0m] Reached target Remote File Systems.
         Starting LSB: daemon to balance interrupts for SMP systems...
         Starting LSB: automatic crash report generation...
         Starting LSB: Set the CPU Frequency Scaling governor to "ondemand"...
         Starting Permit User Sessions...
         Starting Wait until snapd is fully seeded...
[[0;32m  OK  [0m] Started Apply the settings specified in cloud-config.
[[0;32m  OK  [0m] Started Permit User Sessions.
[[0;32m  OK  [0m] Started Wait until snapd is fully seeded.
[[0;32m  OK  [0m] Started Authenticate and Authorize Users to Run Privileged Tasks.
[[0;32m  OK  [0m] Started Accounts Service.
[[0;32m  OK  [0m] Started LSB: daemon to balance interrupts for SMP systems.
[[0;32m  OK  [0m] Started LSB: automatic crash report generation.
[[0;32m  OK  [0m] Started LSB: Set the CPU Frequency Scaling governor to "ondemand".
         Starting Terminate Plymouth Boot Screen...
         Starting Hold until boot process finishes up...
[[0;32m  OK  [0m] Started Terminate Plymouth Boot Screen.
[[0;32m  OK  [0m] Started Hold until boot process finishes up.
         Starting Set console scheme...
[[0;32m  OK  [0m] Started Getty on tty1.
[[0;32m  OK  [0m] Started Serial Getty on ttyS0.
[[0;32m  OK  [0m] Reached target Login Prompts.
[[0;32m  OK  [0m] Reached target Multi-User System.
         Starting Execute cloud user/final scripts...
[[0;32m  OK  [0m] Reached target Graphical Interface.
         Starting Update UTMP about System Runlevel Changes...
[[0;32m  OK  [0m] Started Set console scheme.
[[0;32m  OK  [0m] Started Update UTMP about System Runlevel Changes.
[   57.156196] cloud-init[1245]: Cloud-init v. 18.2 running 'modules:final' at Wed, 27 Jun 2018 06:26:17 +0000. Up 56.63 seconds.
[   57.304995] cloud-init[1245]: Cloud-init v. 18.2 finished at Wed, 27 Jun 2018 06:26:18 +0000. Datasource DataSourceNoCloud [seed=/dev/sdb][dsmode=net].  Up 57.14 seconds
[[0;32m  OK  [0m] Started Execute cloud user/final scripts.
[[0;32m  OK  [0m] Reached target Cloud-init target.

Ubuntu 16.04.4 LTS ubuntu-xenial ttyS0

ubuntu-xenial login: 