[    0.000000] Initializing cgroup subsys cpuset
[    0.000000] Initializing cgroup subsys cpu
[    0.000000] Initializing cgroup subsys cpuacct
[    0.000000] Linux version 4.4.0-130-generic (buildd@lgw01-amd64-039) (gcc version 5.4.0 20160609 (Ubuntu 5.4.0-6ubuntu1~16.04.9) ) #156-Ubuntu SMP Thu Jun 14 08:53:28 UTC 2018 (Ubuntu 4.4.0-130.156-generic 4.4.134)
[    0.000000] Command line: BOOT_IMAGE=/boot/vmlinuz-4.4.0-130-generic root=UUID=2ee7d6fa-e656-40b5-89e5-042755616b92 ro console=tty1 console=ttyS0
[    0.000000] KERNEL supported cpus:
[    0.000000]   Intel GenuineIntel
[    0.000000]   AMD AuthenticAMD
[    0.000000]   Centaur CentaurHauls
[    0.000000] x86/fpu: xstate_offset[2]:  576, xstate_sizes[2]:  256
[    0.000000] x86/fpu: Supporting XSAVE feature 0x01: 'x87 floating point registers'
[    0.000000] x86/fpu: Supporting XSAVE feature 0x02: 'SSE registers'
[    0.000000] x86/fpu: Supporting XSAVE feature 0x04: 'AVX registers'
[    0.000000] x86/fpu: Enabled xstate features 0x7, context size is 832 bytes, using 'standard' format.
[    0.000000] x86/fpu: Using 'eager' FPU context switches.
[    0.000000] e820: BIOS-provided physical RAM map:
[    0.000000] BIOS-e820: [mem 0x0000000000000000-0x000000000009fbff] usable
[    0.000000] BIOS-e820: [mem 0x000000000009fc00-0x000000000009ffff] reserved
[    0.000000] BIOS-e820: [mem 0x00000000000f0000-0x00000000000fffff] reserved
[    0.000000] BIOS-e820: [mem 0x0000000000100000-0x000000003ffeffff] usable
[    0.000000] BIOS-e820: [mem 0x000000003fff0000-0x000000003fffffff] ACPI data
[    0.000000] BIOS-e820: [mem 0x00000000fec00000-0x00000000fec00fff] reserved
[    0.000000] BIOS-e820: [mem 0x00000000fee00000-0x00000000fee00fff] reserved
[    0.000000] BIOS-e820: [mem 0x00000000fffc0000-0x00000000ffffffff] reserved
[    0.000000] NX (Execute Disable) protection: active
[    0.000000] SMBIOS 2.5 present.
[    0.000000] Hypervisor detected: KVM
[    0.000000] e820: last_pfn = 0x3fff0 max_arch_pfn = 0x400000000
[    0.000000] MTRR: Disabled
[    0.000000] x86/PAT: MTRRs disabled, skipping PAT initialization too.
[    0.000000] CPU MTRRs all blank - virtualized system.
[    0.000000] x86/PAT: Configuration [0-7]: WB  WT  UC- UC  WB  WT  UC- UC  
[    0.000000] found SMP MP-table at [mem 0x0009fff0-0x0009ffff] mapped at [ffff88000009fff0]
[    0.000000] Scanning 1 areas for low memory corruption
[    0.000000] RAMDISK: [mem 0x361f2000-0x370f0fff]
[    0.000000] ACPI: Early table checksum verification disabled
[    0.000000] ACPI: RSDP 0x00000000000E0000 000024 (v02 VBOX  )
[    0.000000] ACPI: XSDT 0x000000003FFF0030 00003C (v01 VBOX   VBOXXSDT 00000001 ASL  00000061)
[    0.000000] ACPI: FACP 0x000000003FFF00F0 0000F4 (v04 VBOX   VBOXFACP 00000001 ASL  00000061)
[    0.000000] ACPI: DSDT 0x000000003FFF0470 0021FF (v02 VBOX   VBOXBIOS 00000002 INTL 20100528)
[    0.000000] ACPI: FACS 0x000000003FFF0200 000040
[    0.000000] ACPI: FACS 0x000000003FFF0200 000040
[    0.000000] ACPI: APIC 0x000000003FFF0240 00005C (v02 VBOX   VBOXAPIC 00000001 ASL  00000061)
[    0.000000] ACPI: SSDT 0x000000003FFF02A0 0001CC (v01 VBOX   VBOXCPUT 00000002 INTL 20100528)
[    0.000000] No NUMA configuration found
[    0.000000] Faking a node at [mem 0x0000000000000000-0x000000003ffeffff]
[    0.000000] NODE_DATA(0) allocated [mem 0x3ffeb000-0x3ffeffff]
[    0.000000] kvm-clock: Using msrs 4b564d01 and 4b564d00
[    0.000000] kvm-clock: cpu 0, msr 0:3ffe3001, primary cpu clock
[    0.000000] kvm-clock: using sched offset of 3395380698 cycles
[    0.000000] clocksource: kvm-clock: mask: 0xffffffffffffffff max_cycles: 0x1cd42e4dffb, max_idle_ns: 881590591483 ns
[    0.000000] Zone ranges:
[    0.000000]   DMA      [mem 0x0000000000001000-0x0000000000ffffff]
[    0.000000]   DMA32    [mem 0x0000000001000000-0x000000003ffeffff]
[    0.000000]   Normal   empty
[    0.000000]   Device   empty
[    0.000000] Movable zone start for each node
[    0.000000] Early memory node ranges
[    0.000000]   node   0: [mem 0x0000000000001000-0x000000000009efff]
[    0.000000]   node   0: [mem 0x0000000000100000-0x000000003ffeffff]
[    0.000000] Initmem setup node 0 [mem 0x0000000000001000-0x000000003ffeffff]
[    0.000000] ACPI: PM-Timer IO Port: 0x4008
[    0.000000] IOAPIC[0]: apic_id 2, version 32, address 0xfec00000, GSI 0-23
[    0.000000] ACPI: INT_SRC_OVR (bus 0 bus_irq 0 global_irq 2 dfl dfl)
[    0.000000] ACPI: INT_SRC_OVR (bus 0 bus_irq 9 global_irq 9 high level)
[    0.000000] Using ACPI (MADT) for SMP configuration information
[    0.000000] smpboot: Allowing 2 CPUs, 0 hotplug CPUs
[    0.000000] PM: Registered nosave memory: [mem 0x00000000-0x00000fff]
[    0.000000] PM: Registered nosave memory: [mem 0x0009f000-0x0009ffff]
[    0.000000] PM: Registered nosave memory: [mem 0x000a0000-0x000effff]
[    0.000000] PM: Registered nosave memory: [mem 0x000f0000-0x000fffff]
[    0.000000] e820: [mem 0x40000000-0xfebfffff] available for PCI devices
[    0.000000] Booting paravirtualized kernel on KVM
[    0.000000] clocksource: refined-jiffies: mask: 0xffffffff max_cycles: 0xffffffff, max_idle_ns: 7645519600211568 ns
[    0.000000] setup_percpu: NR_CPUS:512 nr_cpumask_bits:512 nr_cpu_ids:2 nr_node_ids:1
[    0.000000] PERCPU: Embedded 34 pages/cpu @ffff88003fc00000 s99544 r8192 d31528 u1048576
[    0.000000] PV qspinlock hash table entries: 256 (order: 0, 4096 bytes)
[    0.000000] Built 1 zonelists in Node order, mobility grouping on.  Total pages: 257912
[    0.000000] Policy zone: DMA32
[    0.000000] Kernel command line: BOOT_IMAGE=/boot/vmlinuz-4.4.0-130-generic root=UUID=2ee7d6fa-e656-40b5-89e5-042755616b92 ro console=tty1 console=ttyS0
[    0.000000] PID hash table entries: 4096 (order: 3, 32768 bytes)
[    0.000000] Memory: 997160K/1048120K available (8546K kernel code, 1313K rwdata, 4000K rodata, 1516K init, 1316K bss, 50960K reserved, 0K cma-reserved)
[    0.000000] SLUB: HWalign=64, Order=0-3, MinObjects=0, CPUs=2, Nodes=1
[    0.000000] Kernel/User page tables isolation: enabled
[    0.000000] Hierarchical RCU implementation.
[    0.000000] 	Build-time adjustment of leaf fanout to 64.
[    0.000000] 	RCU restricting CPUs from NR_CPUS=512 to nr_cpu_ids=2.
[    0.000000] RCU: Adjusting geometry for rcu_fanout_leaf=64, nr_cpu_ids=2
[    0.000000] NR_IRQS:33024 nr_irqs:440 16
[    0.000000] Console: colour VGA+ 80x25
[    0.000000] console [tty1] enabled
[    0.000000] console [ttyS0] enabled
[    0.000000] tsc: Detected 2712.006 MHz processor
[   15.910834] Calibrating delay loop (skipped) preset value.. 5424.01 BogoMIPS (lpj=10848024)
[   16.122477] pid_max: default: 32768 minimum: 301
[   16.172304] ACPI: Core revision 20150930
[   16.277730] ACPI: 2 ACPI AML tables successfully acquired and loaded
[   16.424703] Security Framework initialized
[   16.495258] Yama: becoming mindful.
[   16.588777] AppArmor: AppArmor initialized
[   16.708333] Dentry cache hash table entries: 131072 (order: 8, 1048576 bytes)
[   16.894696] Inode-cache hash table entries: 65536 (order: 7, 524288 bytes)
[   17.068441] Mount-cache hash table entries: 2048 (order: 2, 16384 bytes)
[   17.207945] Mountpoint-cache hash table entries: 2048 (order: 2, 16384 bytes)
[   17.354562] Initializing cgroup subsys io
[   17.456290] Initializing cgroup subsys memory
[   17.528781] Initializing cgroup subsys devices
[   17.633294] Initializing cgroup subsys freezer
[   17.757332] Initializing cgroup subsys net_cls
[   17.862443] Initializing cgroup subsys perf_event
[   17.977283] Initializing cgroup subsys net_prio
[   18.100849] Initializing cgroup subsys hugetlb
[   18.216960] Initializing cgroup subsys pids
[   18.306464] CPU: Physical Processor ID: 0
[   18.419846] CPU: Processor Core ID: 0
[   18.518810] mce: CPU supports 0 MCE banks
[   18.619322] Last level iTLB entries: 4KB 128, 2MB 8, 4MB 8
[   18.752790] Last level dTLB entries: 4KB 64, 2MB 0, 4MB 0, 1GB 4
[   18.914862] Spectre V2 : Mitigation: Full generic retpoline
[   19.037305] Spectre V2 : Speculation control IBPB not-supported IBRS not-supported
[   19.212915] Spectre V2 : Filling RSB on context switch
[   19.339291] Speculative Store Bypass: Vulnerable
[   19.457951] Freeing SMP alternatives memory: 32K
[   19.582533] ftrace: allocating 32245 entries in 126 pages
[   19.782451] smpboot: APIC(0) Converting physical 0 to logical package 0
[   19.953323] smpboot: Max logical packages: 1
[   20.070280] x2apic enabled
[   20.129503] Switched APIC routing to physical x2apic.
[   20.250475] ..TIMER: vector=0x30 apic1=0 pin1=2 apic2=-1 pin2=-1
[   20.508554] smpboot: CPU0: Intel(R) Core(TM) i5-6400 CPU @ 2.70GHz (family: 0x6, model: 0x5e, stepping: 0x3)
[   20.758691] Performance Events: unsupported p6 CPU model 94 no PMU driver, software events only.
[   20.991506] KVM setup paravirtual spinlock
[   21.105019] x86: Booting SMP configuration:
[   21.195267] .... node  #0, CPUs:      #1
[   21.298184] kvm-clock: cpu 1, msr 0:3ffe3041, secondary cpu clock
[   21.470951] mce: CPU supports 0 MCE banks
[   21.561464] x86: Booted up 1 node, 2 CPUs
[   21.637391] smpboot: Total of 2 processors activated (10848.02 BogoMIPS)
[   21.768828] devtmpfs: initialized
[   21.834236] evm: security.selinux
[   21.918784] evm: security.SMACK64
[   21.992293] evm: security.SMACK64EXEC
[   22.056724] evm: security.SMACK64TRANSMUTE
[   22.144253] evm: security.SMACK64MMAP
[   22.252792] evm: security.ima
[   22.333246] evm: security.capability
[   22.433520] clocksource: jiffies: mask: 0xffffffff max_cycles: 0xffffffff, max_idle_ns: 7645041785100000 ns
[   22.680126] futex hash table entries: 512 (order: 3, 32768 bytes)
[   22.829528] pinctrl core: initialized pinctrl subsystem
[   22.979955] RTC time:  0:16:00, date: 07/10/18
[   23.115970] NET: Registered protocol family 16
[   23.230009] cpuidle: using governor ladder
[   23.325986] cpuidle: using governor menu
[   23.443816] PCCT header not found.
[   23.523778] ACPI: bus type PCI registered
[   23.630228] acpiphp: ACPI Hot Plug PCI Controller Driver version: 0.5
[   23.783454] PCI: Using configuration type 1 for base access
[   23.941562] ACPI: Added _OSI(Module Device)
[   24.052245] ACPI: Added _OSI(Processor Device)
[   24.144728] ACPI: Added _OSI(3.0 _SCP Extensions)
[   24.259776] ACPI: Added _OSI(Processor Aggregator Device)
[   24.407971] ACPI: Executed 1 blocks of module-level executable AML code
[   24.588148] ACPI: Interpreter enabled
[   24.673318] ACPI: (supports S0 S5)
[   24.738233] ACPI: Using IOAPIC for interrupt routing
[   24.875497] PCI: Using host bridge windows from ACPI; if necessary, use "pci=nocrs" and report a bug
[   25.123045] ACPI: PCI Root Bridge [PCI0] (domain 0000 [bus 00-ff])
[   25.261290] acpi PNP0A03:00: _OSC: OS supports [ASPM ClockPM Segments MSI]
[   25.426821] acpi PNP0A03:00: _OSC: not requesting OS control; OS requires [ExtendedConfig ASPM ClockPM MSI]
[   25.685075] acpi PNP0A03:00: fail to add MMCONFIG information, can't access extended PCI configuration space under this bridge.
[   25.906563] PCI host bridge to bus 0000:00
[   25.990804] pci_bus 0000:00: root bus resource [io  0x0000-0x0cf7 window]
[   26.197804] pci_bus 0000:00: root bus resource [io  0x0d00-0xffff window]
[   26.380318] pci_bus 0000:00: root bus resource [mem 0x000a0000-0x000bffff window]
[   26.541018] pci_bus 0000:00: root bus resource [mem 0x40000000-0xffdfffff window]
[   26.740541] pci_bus 0000:00: root bus resource [bus 00-ff]
[   26.884441] pci 0000:00:01.1: legacy IDE quirk: reg 0x10: [io  0x01f0-0x01f7]
[   27.054306] pci 0000:00:01.1: legacy IDE quirk: reg 0x14: [io  0x03f6]
[   27.223998] pci 0000:00:01.1: legacy IDE quirk: reg 0x18: [io  0x0170-0x0177]
[   27.411365] pci 0000:00:01.1: legacy IDE quirk: reg 0x1c: [io  0x0376]
[   27.573564] pci 0000:00:07.0: quirk: [io  0x4000-0x403f] claimed by PIIX4 ACPI
[   27.745099] pci 0000:00:07.0: quirk: [io  0x4100-0x410f] claimed by PIIX4 SMB
[   27.935293] ACPI: PCI Interrupt Link [LNKA] (IRQs 5 9 10 *11)
[   28.068424] ACPI: PCI Interrupt Link [LNKB] (IRQs 5 9 10 *11)
[   28.205768] ACPI: PCI Interrupt Link [LNKC] (IRQs 5 9 *10 11)
[   28.353390] ACPI: PCI Interrupt Link [LNKD] (IRQs 5 *9 10 11)
[   28.487939] ACPI: Enabled 2 GPEs in block 00 to 07
[   28.559020] vgaarb: setting as boot device: PCI:0000:00:02.0
[   28.700275] vgaarb: device added: PCI:0000:00:02.0,decodes=io+mem,owns=io+mem,locks=none
[   28.885612] vgaarb: loaded
[   28.940193] vgaarb: bridge control possible 0000:00:02.0
[   29.031566] SCSI subsystem initialized
[   29.091891] ACPI: bus type USB registered
[   29.174802] usbcore: registered new interface driver usbfs
[   29.305460] usbcore: registered new interface driver hub
[   29.439309] usbcore: registered new device driver usb
[   29.552476] PCI: Using ACPI for IRQ routing
[   29.655034] NetLabel: Initializing
[   29.737237] NetLabel:  domain hash size = 128
[   29.853218] NetLabel:  protocols = UNLABELED CIPSOv4
[   30.001232] NetLabel:  unlabeled traffic allowed by default
[   30.084978] amd_nb: Cannot enumerate AMD northbridges
[   30.209770] clocksource: Switched to clocksource kvm-clock
[   30.381074] AppArmor: AppArmor Filesystem Enabled
[   30.502311] pnp: PnP ACPI init
[   30.591475] pnp: PnP ACPI: found 3 devices
[   30.714264] clocksource: acpi_pm: mask: 0xffffff max_cycles: 0xffffff, max_idle_ns: 2085701024 ns
[   30.988602] NET: Registered protocol family 2
[   31.124368] TCP established hash table entries: 8192 (order: 4, 65536 bytes)
[   31.335803] TCP bind hash table entries: 8192 (order: 5, 131072 bytes)
[   31.545284] TCP: Hash tables configured (established 8192 bind 8192)
[   31.722807] UDP hash table entries: 512 (order: 2, 16384 bytes)
[   31.907313] UDP-Lite hash table entries: 512 (order: 2, 16384 bytes)
[   32.077872] NET: Registered protocol family 1
[   32.199250] pci 0000:00:00.0: Limiting direct PCI/PCI transfers
[   32.363791] pci 0000:00:01.0: Activating ISA DMA hang workarounds
[   32.548475] Unpacking initramfs...
[   32.864022] Freeing initrd memory: 15356K
[   32.978769] platform rtc_cmos: registered platform RTC device (no PNP device found)
[   33.206352] Scanning for low memory corruption every 60 seconds
[   33.340626] audit: initializing netlink subsys (disabled)
[   33.476244] audit: type=2000 audit(1531181746.683:1): initialized
[   33.642670] Initialise system trusted keyring
[   33.750521] HugeTLB registered 2 MB page size, pre-allocated 0 pages
[   33.915023] zbud: loaded
[   33.987178] tsc: Refined TSC clocksource calibration: 2711.288 MHz
[   34.194748] clocksource: tsc: mask: 0xffffffffffffffff max_cycles: 0x2714e5ae01a, max_idle_ns: 440795280002 ns
[   34.195166] VFS: Disk quotas dquot_6.6.0
[   34.195190] VFS: Dquot-cache hash table entries: 512 (order 0, 4096 bytes)
[   34.195425] squashfs: version 4.0 (2009/01/31) Phillip Lougher
[   34.473071] fuse init (API version 7.23)
[   34.473266] Key type big_key registered
[   34.473287] Allocating IMA MOK and blacklist keyrings.
[   34.473555] Key type asymmetric registered
[   34.473557] Asymmetric key parser 'x509' registered
[   34.473587] Block layer SCSI generic (bsg) driver version 0.4 loaded (major 249)
[   34.473611] io scheduler noop registered
[   34.473612] io scheduler deadline registered (default)
[   34.473636] io scheduler cfq registered
[   34.473754] pci_hotplug: PCI Hot Plug PCI Core version: 0.5
[   34.473759] pciehp: PCI Express Hot Plug Controller Driver version: 0.4
[   34.473937] ACPI: AC Adapter [AC] (on-line)
[   34.473979] input: Power Button as /devices/LNXSYSTM:00/LNXPWRBN:00/input/input0
[   34.473981] ACPI: Power Button [PWRF]
[   34.474035] input: Sleep Button as /devices/LNXSYSTM:00/LNXSLPBN:00/input/input1
[   34.474036] ACPI: Sleep Button [SLPF]
[   34.474147] GHES: HEST is not enabled!
[   34.474207] Serial: 8250/16550 driver, 32 ports, IRQ sharing enabled
[   34.627909] 00:02: ttyS0 at I/O 0x3f8 (irq = 4, base_baud = 115200) is a 16550A
[   34.811895] Linux agpgart interface v0.103
[   34.973801] loop: module loaded
[   34.974293] scsi host0: ata_piix
[   34.974384] scsi host1: ata_piix
[   34.974409] ata1: PATA max UDMA/33 cmd 0x1f0 ctl 0x3f6 bmdma 0xd000 irq 14
[   34.974410] ata2: PATA max UDMA/33 cmd 0x170 ctl 0x376 bmdma 0xd008 irq 15
[   34.974470] libphy: Fixed MDIO Bus: probed
[   34.974472] tun: Universal TUN/TAP device driver, 1.6
[   34.974472] tun: (C) 1999-2004 Max Krasnyansky <maxk@qualcomm.com>
[   34.974498] PPP generic driver version 2.4.2
[   34.974534] ehci_hcd: USB 2.0 'Enhanced' Host Controller (EHCI) Driver
[   34.974536] ehci-pci: EHCI PCI platform driver
[   34.974542] ehci-platform: EHCI generic platform driver
[   34.974548] ohci_hcd: USB 1.1 'Open' Host Controller (OHCI) Driver
[   34.974550] ohci-pci: OHCI PCI platform driver
[   34.974556] ohci-platform: OHCI generic platform driver
[   34.974561] uhci_hcd: USB Universal Host Controller Interface driver
[   34.974598] i8042: PNP: PS/2 Controller [PNP0303:PS2K,PNP0f03:PS2M] at 0x60,0x64 irq 1,12
[   34.975023] serio: i8042 KBD port at 0x60,0x64 irq 1
[   34.975027] serio: i8042 AUX port at 0x60,0x64 irq 12
[   34.975105] mousedev: PS/2 mouse device common for all mice
[   34.975358] input: AT Translated Set 2 keyboard as /devices/platform/i8042/serio0/input/input2
[   34.975640] rtc_cmos rtc_cmos: rtc core: registered rtc_cmos as rtc0
[   34.975686] rtc_cmos rtc_cmos: alarms up to one day, 114 bytes nvram
[   34.975691] i2c /dev entries driver
[   34.975727] device-mapper: uevent: version 1.0.3
[   34.975766] device-mapper: ioctl: 4.34.0-ioctl (2015-10-28) initialised: dm-devel@redhat.com
[   34.975779] ledtrig-cpu: registered to indicate activity on CPUs
[   34.976024] NET: Registered protocol family 10
[   34.976126] NET: Registered protocol family 17
[   34.976133] Key type dns_resolver registered
[   34.976296] registered taskstats version 1
[   34.976340] Loading compiled-in X.509 certificates
[   34.976904] Loaded X.509 cert 'Build time autogenerated kernel key: b3e0fe4bcd6378c38a2c0a4648abbc1fa5043a22'
[   34.976917] zswap: loaded using pool lzo/zbud
[   34.978979] Key type trusted registered
[   34.981967] Key type encrypted registered
[   34.981972] AppArmor: AppArmor sha1 policy hashing enabled
[   34.981975] ima: No TPM chip found, activating TPM-bypass!
[   34.981980] ima: Allocated hash algorithm: sha1
[   34.981990] evm: HMAC attrs: 0x1
[   34.982193]   Magic number: 10:472:253
[   35.072261] rtc_cmos rtc_cmos: setting system clock to 2018-07-10 00:16:12 UTC (1531181772)
[   35.072422] BIOS EDD facility v0.16 2004-Jun-25, 0 devices found
[   35.072422] EDD information not available.
[   43.463960] Freeing unused kernel memory: 1516K
[   43.598407] Write protecting the kernel read-only data: 14336k
[   43.758764] Freeing unused kernel memory: 1680K
[   43.907002] Freeing unused kernel memory: 96K
Loading, please [   44.044197] random: systemd-udevd: uninitialized urandom read (16 bytes read, 7 bits of entropy available)
wait...
startin[   44.044720] random: udevadm: uninitialized urandom read (16 bytes read, 7 bits of entropy available)
g version 229
[   44.044738] random: udevadm: uninitialized urandom read (16 bytes read, 7 bits of entropy available)
[   44.053897] random: udevadm: uninitialized urandom read (16 bytes read, 7 bits of entropy available)
[   44.053939] random: udevadm: uninitialized urandom read (16 bytes read, 7 bits of entropy available)
[   44.054076] random: udevadm: uninitialized urandom read (16 bytes read, 7 bits of entropy available)
[   44.054128] random: udevadm: uninitialized urandom read (16 bytes read, 7 bits of entropy available)
[   44.054179] random: udevadm: uninitialized urandom read (16 bytes read, 7 bits of entropy available)
[   44.054232] random: udevadm: uninitialized urandom read (16 bytes read, 7 bits of entropy available)
[   44.054294] random: udevadm: uninitialized urandom read (16 bytes read, 7 bits of entropy available)
[   46.348172] e1000: Intel(R) PRO/1000 Network Driver - version 7.3.21-k8-NAPI
[   46.501792] e1000: Copyright (c) 1999-2006 Intel Corporation.
[   46.680207] Fusion MPT base driver 3.04.20
[   46.799218] Copyright (c) 1999-2008 LSI Corporation
[   46.964768] Fusion MPT SPI Host driver 3.04.20
[   47.069751] mptbase: ioc0: Initiating bringup
[   47.202372] AVX version of gcm_enc/dec engaged.
[   47.323673] AES CTR mode by8 optimization enabled
[   47.421585] input: ImExPS/2 Generic Explorer Mouse as /devices/platform/i8042/serio1/input/input4
[   47.718014] ioc0: LSI53C1030 A0: Capabilities={Initiator}
[   48.052472] scsi host2: ioc0: LSI53C1030 A0, FwRev=00000000h, Ports=1, MaxQ=256, IRQ=20
[   48.422916] scsi 2:0:0:0: Direct-Access     VBOX     HARDDISK         1.0  PQ: 0 ANSI: 5
[   48.603038] scsi target2:0:0: Beginning Domain Validation
[   48.743949] scsi target2:0:0: Domain Validation skipping write tests
[   48.803785] scsi target2:0:0: Ending Domain Validation
[   48.805506] scsi target2:0:0: asynchronous
[   48.911973] scsi 2:0:1:0: Direct-Access     VBOX     HARDDISK         1.0  PQ: 0 ANSI: 5
[   49.065587] scsi target2:0:1: Beginning Domain Validation
[   49.066158] e1000 0000:00:03.0 eth0: (PCI:33MHz:32-bit) 02:b0:72:86:cc:22
[   49.066161] e1000 0000:00:03.0 eth0: Intel(R) PRO/1000 Network Connection
[   49.210799] e1000 0000:00:03.0 enp0s3: renamed from eth0
[   49.335461] scsi target2:0:1: Domain Validation skipping write tests
[   49.467115] scsi target2:0:1: Ending Domain Validation
[   49.592326] scsi target2:0:1: asynchronous
[   49.720224] sd 2:0:0:0: Attached scsi generic sg0 type 0
[   49.720245] sd 2:0:0:0: [sda] 20971520 512-byte logical blocks: (10.7 GB/10.0 GiB)
[   49.720423] sd 2:0:0:0: [sda] Write Protect is off
[   49.720477] sd 2:0:0:0: [sda] Incomplete mode parameter data
[   49.720479] sd 2:0:0:0: [sda] Assuming drive cache: write through
[   49.721317]  sda: sda1
[   49.721931] sd 2:0:0:0: [sda] Attached SCSI disk
[   50.716855] sd 2:0:1:0: [sdb] 20480 512-byte logical blocks: (10.5 MB/10.0 MiB)
[   50.903566] sd 2:0:1:0: Attached scsi generic sg1 type 0
[   51.035170] sd 2:0:1:0: [sdb] Write Protect is off
[   51.171398] sd 2:0:1:0: [sdb] Incomplete mode parameter data
[   51.341705] sd 2:0:1:0: [sdb] Assuming drive cache: write through
[   51.543619] sd 2:0:1:0: [sdb] Attached SCSI disk
Begin: Loading e[   53.037873] md: linear personality registered for level -1
ssential drivers[   53.226620] md: multipath personality registered for level -4
 ... [   53.423152] md: raid0 personality registered for level 0
[   53.572369] md: raid1 personality registered for level 1
[   53.789857] raid6: sse2x1   gen()  8435 MB/s
[   53.945843] raid6: sse2x1   xor()  5204 MB/s
[   54.117832] raid6: sse2x2   gen() 10205 MB/s
[   54.309799] raid6: sse2x2   xor()  7021 MB/s
[   54.481825] raid6: sse2x4   gen() 11567 MB/s
[   54.669817] raid6: sse2x4   xor()  8028 MB/s
[   54.787641] raid6: using algorithm sse2x4 gen() 11567 MB/s
[   54.904730] raid6: .... xor() 8028 MB/s, rmw enabled
[   55.048812] raid6: using ssse3x2 recovery algorithm
[   55.183482] xor: automatically using best checksumming function:
[   55.421845]    avx       : 21995.000 MB/sec
[   55.545955] async_tx: api initialized (async)
[   55.656451] md: raid6 personality registered for level 6
[   55.793823] md: raid5 personality registered for level 5
[   55.935713] md: raid4 personality registered for level 4
[   56.097321] md: raid10 personality registered for level 10
done.
Begin: Running /[   56.258132] Btrfs loaded
scripts/init-premount ... done.
Begin: Mounting root file syste[   56.400287] EXT4-fs (sda1): INFO: recovery required on readonly filesystem
m ... Begin: Run[   56.575608] EXT4-fs (sda1): write access will be enabled during recovery
ning /scripts/local-top ... done.
Begin: Running /scripts/local-premount ... Scanning for Btrfs[   56.869492] random: nonblocking pool is initialized
 filesystems
done.
Warning: fsck not present, so skipping root file system
[   57.221809] EXT4-fs (sda1): recovery complete
[   57.343924] EXT4-fs (sda1): mounted filesystem with ordered data mode. Opts: (null)
done.
Begin: Running /scripts/local-bottom ... done.
Begin: Running /scripts/init-bottom ... done.
[   58.038806] systemd[1]: systemd 229 running in system mode. (+PAM +AUDIT +SELINUX +IMA +APPARMOR +SMACK +SYSVINIT +UTMP +LIBCRYPTSETUP +GCRYPT +GNUTLS +ACL +XZ -LZ4 +SECCOMP +BLKID +ELFUTILS +KMOD -IDN)
[   58.530955] systemd[1]: Detected virtualization oracle.
[   58.689664] systemd[1]: Detected architecture x86-64.

Welcome to [1mUbuntu 16.04.4 LTS[0m!

[   58.847354] systemd[1]: Set hostname to <ubuntu-xenial>.
[   59.581727] systemd[1]: Listening on udev Kernel Socket.
[[0;32m  OK  [0m] Listening on udev Kernel Socket.
[   59.802848] systemd[1]: Created slice User and Session Slice.
[[0;32m  OK  [0m] Created slice User and Session Slice.
[   60.058731] systemd[1]: Listening on /dev/initctl Compatibility Named Pipe.
[[0;32m  OK  [0m] Listening on /dev/initctl Compatibility Named Pipe.
[   60.306830] systemd[1]: Created slice System Slice.
[[0;32m  OK  [0m] Created slice System Slice.
[   60.506906] systemd[1]: Listening on Journal Socket.
[[0;32m  OK  [0m] Listening on Journal Socket.
[   60.722493] systemd[1]: Starting Nameserver information manager...
         Starting Nameserver information manager...
[   60.978428] systemd[1]: Mounting Debug File System...
         Mounting Debug File System...
[   61.178449] systemd[1]: Mounting Huge Pages File System...
         Mounting Huge Pages File System...
[   61.397990] systemd[1]: Starting Load Kernel Modules...
[   61.548808] Loading iSCSI transport class v2.0-870.
         Starting Load Kernel Modules...
[   61.657952] systemd[1]: Starting Create list of required static device nodes for the current kernel...
         Startin[   61.939797] iscsi: registered transport (tcp)
g Create list of required st... nodes for the current kernel...[   62.127390] iscsi: registered transport (iser)

[   62.261386] systemd[1]: Reached target System Time Synchronized.
[[0;32m  OK  [0m] Reached target System Time Synchronized.
[   62.458569] systemd[1]: Listening on Syslog Socket.
[[0;32m  OK  [0m] Listening on Syslog Socket.
[   62.634180] systemd[1]: Listening on Journal Socket (/dev/log).
[[0;32m  OK  [0m] Listening on Journal Socket (/dev/log).
[   62.886877] systemd[1]: Created slice system-serial\x2dgetty.slice.
[[0;32m  OK  [0m] Created slice system-serial\x2dgetty.slice.
[   63.172025] systemd[1]: Set up automount Arbitrary Executable File Formats File System Automount Point.
[[0;32m  OK  [0m] Set up automount Arbitrary Executab...ats File System Automount Point.
[   63.566375] systemd[1]: Mounting POSIX Message Queue File System...
         Mounting POSIX Message Queue File System...
[   63.750621] systemd[1]: Listening on LVM2 poll daemon socket.
[[0;32m  OK  [0m] Listening on LVM2 poll daemon socket.
[   63.978499] systemd[1]: Listening on Device-mapper event daemon FIFOs.
[[0;32m  OK  [0m] Listening on Device-mapper event daemon FIFOs.
[   64.242664] systemd[1]: Listening on Journal Audit Socket.
[[0;32m  OK  [0m] Listening on Journal Audit Socket.
[   64.482590] systemd[1]: Starting Journal Service...
         Starting Journal Service...
[   64.602071] systemd[1]: Listening on LVM2 metadata daemon socket.
[[0;32m  OK  [0m] Listening on LVM2 metadata daemon socket.
[   64.861980] systemd[1]: Reached target Swap.
[[0;32m  OK  [0m] Reached target Swap.
[   65.053991] systemd[1]: Starting Remount Root and Kernel File Systems...
[   65.069960] EXT4-fs (sda1): re-mounted. Opts: (null)
         Starting Remount Root and Kernel File Systems...
[   65.430426] systemd[1]: Reached target User and Group Name Lookups.
[[0;32m  OK  [0m] Reached target User and Group Name Lookups.
[   65.652237] systemd[1]: Started Forward Password Requests to Wall Directory Watch.
[[0;32m  OK  [0m] Started Forward Password Requests to Wall Directory Watch.
[   65.990527] systemd[1]: Starting Uncomplicated firewall...
         Starting Uncomplicated firewall...
[   66.162575] systemd[1]: Reached target Encrypted Volumes.
[[0;32m  OK  [0m] Reached target Encrypted Volumes.
[   66.370586] systemd[1]: Starting Set console keymap...
         Starting Set console keymap...
[   66.577687] systemd[1]: Started Trigger resolvconf update for networkd DNS.
[[0;32m  OK  [0m] Started Trigger resolvconf update for networkd DNS.
[   66.802553] systemd[1]: Reached target Slices.
[[0;32m  OK  [0m] Reached target Slices.
[   66.962753] systemd[1]: Listening on udev Control Socket.
[[0;32m  OK  [0m] Listening on udev Control Socket.
[   67.150103] systemd[1]: Starting Monitoring of LVM2 mirrors, snapshots etc. using dmeventd or progress polling...
         Starting Monitoring of LVM2 mirrors... dmeventd or progress polling...
[   67.524344] systemd[1]: Mounted Debug File System.
[[0;32m  OK  [0m] Mounted Debug File System.
[   67.690585] systemd[1]: Mounted POSIX Message Queue File System.
[[0;32m  OK  [0m] Mounted POSIX Message Queue File System.
[   67.814572] systemd[1]: Mounted Huge Pages File System.
[[0;32m  OK  [0m] Mounted Huge Pages File System.
[   68.022780] systemd[1]: Started Journal Service.
[[0;32m  OK  [0m] Started Journal Service.
[[0;32m  OK  [0m] Started Load Kernel Modules.
[[0;32m  OK  [0m] Started Create list of required sta...ce nodes for the current kernel.
[[0;32m  OK  [0m] Started Remount Root and Kernel File Systems.
[[0;32m  OK  [0m] Started Uncomplicated firewall.
[[0;32m  OK  [0m] Started Set console keymap.
[[0;32m  OK  [0m] Started Nameserver information manager.
[[0;32m  OK  [0m] Started LVM2 metadata daemon.
         Starting Load/Save Random Seed...
         Starting udev Coldplug all Devices...
         Starting Create Static Device Nodes in /dev...
         Mounting FUSE Control File System...
         Starting Apply Kernel Variables...
         Starting Flush Journal to Persistent Storage...
[[0;32m  OK  [0m] Mounted FUSE Control File System.
[[0;32m  OK  [0m] Started Monitoring of LVM2 mirrors,...ng dmeventd or progress polling.
[[0;32m  OK  [0m] Started Load/Save Random Seed.
[[0;32m  OK  [0m] Started Create Static Device Nodes in /dev.
[[0;32m  OK  [0m] Started Apply Kernel Variables.
[[0;32m  OK  [0m] Started udev Coldplug all Devices.
         Starting udev Kernel Device Manager...
[[0;32m  OK  [0m] Started Flush Journal to Persistent Storage.
[[0;32m  OK  [0m] Started udev Kernel Device Manager.
[[0;32m  OK  [0m] Found device /dev/ttyS0.
[[0;32m  OK  [0m] Reached target Local File Systems (Pre).
[[0;32m  OK  [0m] Reached target Local File Systems.
         Starting Set console font and keymap...
         Starting Initial cloud-init job (pre-networking)...
         Starting Tell Plymouth To Write Out Runtime Data...
         Starting LSB: AppArmor initialization...
[[0;32m  OK  [0m] Started Dispatch Password Requests to Console Directory Watch.
         Starting Create Volatile Files and Directories...
[[0;32m  OK  [0m] Started Tell Plymouth To Write Out Runtime Data.
[[0;32m  OK  [0m] Started Set console font and keymap.
[[0;32m  OK  [0m] Started Create Volatile Files and Directories.
         Starting Update UTMP about System Boot/Shutdown...
[[0;32m  OK  [0m] Listening on Load/Save RF Kill Switch Status /dev/rfkill Watch.
[[0;32m  OK  [0m] Created slice system-getty.slice.
[[0;32m  OK  [0m] Started Update UTMP about System Boot/Shutdown.
[[0;32m  OK  [0m] Started LSB: AppArmor initialization.
[   44.091476] cloud-init[542]: Cloud-init v. 18.2 running 'init-local' at Tue, 10 Jul 2018 00:16:50 +0000. Up 43.54 seconds.
[[0;32m  OK  [0m] Started Initial cloud-init job (pre-networking).
[[0;32m  OK  [0m] Reached target Network (Pre).
         Starting Raise network interfaces...
[[0;32m  OK  [0m] Started ifup for enp0s3.
[[0;32m  OK  [0m] Started Raise network interfaces.
[[0;32m  OK  [0m] Reached target Network.
         Starting Initial cloud-init job (metadata service crawler)...
[   45.582298] cloud-init[986]: Cloud-init v. 18.2 running 'init' at Tue, 10 Jul 2018 00:16:51 +0000. Up 45.07 seconds.
[   45.700781] cloud-init[986]: ci-info: +++++++++++++++++++++++++++++++++++++Net device info++++++++++++++++++++++++++++++++++++++
[   45.701027] cloud-init[986]: ci-info: +--------+------+----------------------------+---------------+-------+-------------------+
[[0;32m  OK  [0m] Started Initial cloud-init job (metadata service crawler).
[   45.701156] cloud-init[986]: ci-info: | Device |  Up  |          Address           |      Mask     | Scope |     Hw-Address    |
[   46.168689] cloud-init[986]: ci-info: +--------+------+----------------------------+---------------+-------+-------------------+
[   46.169040] cloud-init[986]: ci-info: | enp0s3 | True |         10.0.2.15          | 255.255.255.0 |   .   | 02:b0:72:86:cc:22 |
[[0;32m  OK  [0m] Reached target Network is Online.
[   46.169264] cloud-init[986]: ci-info: | enp0s3 | True | fe80::b0:72ff:fe86:cc22/64 |       .       |  link | 02:b0:72:86:cc:22 |
[   46.592836] cloud-init[986]: ci-info: |   lo   | True |         127.0.0.1          |   255.0.0.0   |   .   |         .         |
[   46.593217] cloud-init[986]: ci-info: |   lo   | True |          ::1/128           |       .       |  host |         .         |
         Starting iSCSI initiator daemon (iscsid)...
[[   46.593371] cloud-init[986]: ci-info: +--------+------+----------------------------+---------------+-------+-------------------+
[   46.925079] cloud-init[986]: ci-info: +++++++++++++++++++++++++++Route IPv4 info++++++++++++++++++++++++++++
[0;32m  OK  [0m] Reached target Cloud-config availability.
[[   46.925154] cloud-init[986]: ci-info: +-------+-------------+----------+---------------+-----------+-------+
[   47.196696] cloud-init[986]: ci-info: | Route | Destination | Gateway  |    Genmask    | Interface | Flags |
[0;32m  OK  [0m] Reached target System Initialization.
[   47.196759] cloud-init[986]: ci-info: +-------+-------------+----------+---------------+-----------+-------+
[   47.555786] cloud-init[986]: ci-info: |   0   |   0.0.0.0   | 10.0.2.2 |    0.0.0.0    |   enp0s3  |   UG  |
[   47.556057] cloud-init[986]: ci-info: |   1   |   10.0.2.0  | 0.0.0.0  | 255.255.255.0 |   enp0s3  |   U   |
[[0;32m  OK  [0m] Started ACPI Events Check.
[   47.556154] cloud-init[986]: ci-info: +-------+-------------+----------+---------------+-----------+-------+
[[0;32m  OK  [0m] Reached target Paths.
         Starting Socket activation for snappy daemon.
         Starting LXD - unix socket.
[[0;32m  OK  [0m] Listening on ACPID Listen Socket.
[[0;32m  OK  [0m] Started Daily apt download activities.
[[0;32m  OK  [0m] Listening on D-Bus System Message Bus Socket.
[[0;32m  OK  [0m] Started Daily apt upgrade and clean activities.
[[0;32m  OK  [0m] Started Daily Cleanup of Temporary Directories.
[[0;32m  OK  [0m] Reached target Timers.
[[0;32m  OK  [0m] Listening on UUID daemon activation socket.
[[0;32m  OK  [0m] Listening on Socket activation for snappy daemon.
[[0;32m  OK  [0m] Listening on LXD - unix socket.
[[0;32m  OK  [0m] Started iSCSI initiator daemon (iscsid).
         Starting Login to default iSCSI targets...
[[0;32m  OK  [0m] Reached target Sockets.
[[0;32m  OK  [0m] Reached target Basic System.
         Starting Apply the settings specified in cloud-config...
[[0;32m  OK  [0m] Started Unattended Upgrades Shutdown.
         Starting /etc/rc.local Compatibility...
[[0;32m  OK  [0m] Started ACPI event daemon.
         Starting LSB: MD monitoring daemon...
[[0;32m  OK  [0m] Started Deferred execution scheduler.
[   49.203331] cloud-init[1044]: Cloud-init v. 18.2 running 'modules:config' at Tue, 10 Jul 2018 00:16:55 +0000. Up 49.07 seconds.
[[0;32m  OK  [0m] Started FUSE filesystem for LXC.
         Starting OpenBSD Secure Shell server...
[[0;32m  OK  [0m] Started D-Bus System Message Bus.
         Starting Snappy daemon...
         Starting Login Service...
         Starting Accounts Service...
         Starting LSB: Record successful boot for GRUB...
         Starting Virtualbox guest utils...
         Starting LXD - container startup/shutdown...
[[0;32m  OK  [0m] Started Regular background program processing daemon.
         Starting System Logging Service...
[[0;32m  OK  [0m] Started OpenBSD Secure Shell server.
[[0;32m  OK  [0m] Started Apply the settings specified in cloud-config.
[[0;32m  OK  [0m] Started /etc/rc.local Compatibility.
[[0;32m  OK  [0m] Started System Logging Service.
[[0;32m  OK  [0m] Started Snappy daemon.
[[0;32m  OK  [0m] Started Login Service.
         Starting Authenticate and Authorize Users to Run Privileged Tasks...
         Starting Wait until snapd is fully seeded...
[[0;32m  OK  [0m] Started LSB: MD monitoring daemon.
[[0;32m  OK  [0m] Started LSB: Record successful boot for GRUB.
[[0;32m  OK  [0m] Started Virtualbox guest utils.
[[0;32m  OK  [0m] Started LXD - container startup/shutdown.
[[0;32m  OK  [0m] Started Login to default iSCSI targets.
[[0;32m  OK  [0m] Started Wait until snapd is fully seeded.
[[0;32m  OK  [0m] Started Authenticate and Authorize Users to Run Privileged Tasks.
[[0;32m  OK  [0m] Started Accounts Service.
[[0;32m  OK  [0m] Reached target Remote File Systems (Pre).
[[0;32m  OK  [0m] Reached target Remote File Systems.
         Starting LSB: automatic crash report generation...
         Starting LSB: daemon to balance interrupts for SMP systems...
         Starting LSB: Set the CPU Frequency Scaling governor to "ondemand"...
         Starting Permit User Sessions...
[[0;32m  OK  [0m] Started Permit User Sessions.
         Starting Terminate Plymouth Boot Screen...
         Starting Hold until boot process finishes up...
[[0;32m  OK  [0m] Started LSB: automatic crash report generation.
[[0;32m  OK  [0m] Started LSB: daemon to balance interrupts for SMP systems.
[[0;32m  OK  [0m] Started LSB: Set the CPU Frequency Scaling governor to "ondemand".
[[0;32m  OK  [0m] Started Terminate Plymouth Boot Screen.
[[0;32m  OK  [0m] Started Hold until boot process finishes up.
[[0;32m  OK  [0m] Started Serial Getty on ttyS0.
[[0;32m  OK  [0m] Started Getty on tty1.
[[0;32m  OK  [0m] Reached target Login Prompts.
         Starting Set console scheme...
[[0;32m  OK  [0m] Reached target Multi-User System.
[[0;32m  OK  [0m] Reached target Graphical Interface.
         Starting Update UTMP about System Runlevel Changes...
         Starting Execute cloud user/final scripts...
[[0;32m  OK  [0m] Started Set console scheme.
[[0;32m  OK  [0m] Started Update UTMP about System Runlevel Changes.
[   53.492242] cloud-init[1223]: Cloud-init v. 18.2 running 'modules:final' at Tue, 10 Jul 2018 00:17:00 +0000. Up 53.35 seconds.
[[0;32m  OK  [0m] Started Execute cloud user/final scripts.
[   53.550702] cloud-init[1223]: Cloud-init v. 18.2 finished at Tue, 10 Jul 2018 00:17:00 +0000. Datasource DataSourceNoCloud [seed=/dev/sdb][dsmode=net].  Up 53.48 seconds
[[0;32m  OK  [0m] Reached target Cloud-init target.
         Starting Daily apt download activities...
[[0;32m  OK  [0m] Created slice User Slice of vagrant.
[[0;32m  OK  [0m] Started Session 1 of user vagrant.
         Starting User Manager for UID 1000...
[[0;32m  OK  [0m] Started User Manager for UID 1000.
         Stopping User Manager for UID 1000...
[[0;32m  OK  [0m] Stopped User Manager for UID 1000.
[[0;32m  OK  [0m] Removed slice User Slice of vagrant.

Ubuntu 16.04.4 LTS ubuntu-xenial ttyS0

ubuntu-xenial login: 